ARM GAS  C:\Users\ailen\AppData\Local\Temp\ccTHCxHB.s 			page 1


   1              		.syntax unified
   2              		.cpu cortex-m0plus
   3              		.fpu softvfp
   4              		.eabi_attribute 20, 1
   5              		.eabi_attribute 21, 1
   6              		.eabi_attribute 23, 3
   7              		.eabi_attribute 24, 1
   8              		.eabi_attribute 25, 1
   9              		.eabi_attribute 26, 1
  10              		.eabi_attribute 30, 1
  11              		.eabi_attribute 34, 0
  12              		.eabi_attribute 18, 4
  13              		.thumb
  14              		.syntax unified
  15              		.file	"capsense_callback.c"
  16              		.text
  17              	.Ltext0:
  18              		.cfi_sections	.debug_frame
  19              		.section	.text.CapSense_EntryCallback,"ax",%progbits
  20              		.align	2
  21              		.global	CapSense_EntryCallback
  22              		.code	16
  23              		.thumb_func
  24              		.type	CapSense_EntryCallback, %function
  25              	CapSense_EntryCallback:
  26              	.LFB483:
  27              		.file 1 "capsense_callback.c"
   1:capsense_callback.c **** /* ========================================
   2:capsense_callback.c ****  *
   3:capsense_callback.c ****  * Copyright YOUR COMPANY, THE YEAR
   4:capsense_callback.c ****  * All Rights Reserved
   5:capsense_callback.c ****  * UNPUBLISHED, LICENSED SOFTWARE.
   6:capsense_callback.c ****  *
   7:capsense_callback.c ****  * CONFIDENTIAL AND PROPRIETARY INFORMATION
   8:capsense_callback.c ****  * WHICH IS THE PROPERTY OF your company.
   9:capsense_callback.c ****  *
  10:capsense_callback.c ****  * ========================================
  11:capsense_callback.c **** */
  12:capsense_callback.c **** /* Header file includes */ 
  13:capsense_callback.c **** #include "ipc/cy_ipc_drv.h"
  14:capsense_callback.c **** #include "ipc/cy_ipc_pipe.h"
  15:capsense_callback.c **** #include "ipc/cy_ipc_sema.h"
  16:capsense_callback.c **** #include "cy_ipc_config.h"
  17:capsense_callback.c **** #include "CapSense_Sensing.h"
  18:capsense_callback.c **** #include "cyapicallbacks.h"
  19:capsense_callback.c **** #include "task_touch.h"
  20:capsense_callback.c **** 
  21:capsense_callback.c **** /*******************************************************************************
  22:capsense_callback.c **** * Function Name: void CapSense_EntryCallback(void)
  23:capsense_callback.c **** ********************************************************************************
  24:capsense_callback.c **** * Summary:
  25:capsense_callback.c **** *  Used at the beginning of the CapSense interrupt handler to perform additional 
  26:capsense_callback.c **** *  application specific actions.
  27:capsense_callback.c **** *
  28:capsense_callback.c **** * Parameters:
  29:capsense_callback.c **** *  NULL
  30:capsense_callback.c **** *
ARM GAS  C:\Users\ailen\AppData\Local\Temp\ccTHCxHB.s 			page 2


  31:capsense_callback.c **** * Return:
  32:capsense_callback.c **** *  void
  33:capsense_callback.c **** *
  34:capsense_callback.c **** *******************************************************************************/
  35:capsense_callback.c **** void CapSense_EntryCallback()
  36:capsense_callback.c ****    {
  28              		.loc 1 36 0
  29              		.cfi_startproc
  30              		@ args = 0, pretend = 0, frame = 0
  31              		@ frame_needed = 0, uses_anonymous_args = 0
  32              		@ link register save eliminated.
  37:capsense_callback.c ****    /* Not used in this project */
  38:capsense_callback.c ****    }
  33              		.loc 1 38 0
  34              		@ sp needed
  35 0000 7047     		bx	lr
  36              		.cfi_endproc
  37              	.LFE483:
  38              		.size	CapSense_EntryCallback, .-CapSense_EntryCallback
  39 0002 C046     		.section	.text.CapSense_ExitCallback,"ax",%progbits
  40              		.align	2
  41              		.global	CapSense_ExitCallback
  42              		.code	16
  43              		.thumb_func
  44              		.type	CapSense_ExitCallback, %function
  45              	CapSense_ExitCallback:
  46              	.LFB484:
  39:capsense_callback.c **** 
  40:capsense_callback.c **** /*******************************************************************************
  41:capsense_callback.c **** * Function Name: void CapSense_ExitCallback(void)
  42:capsense_callback.c **** ********************************************************************************
  43:capsense_callback.c **** * Summary:
  44:capsense_callback.c **** *  Used at the end of the CapSense interrupt handler to perform additional 
  45:capsense_callback.c **** *  application-specific actions.
  46:capsense_callback.c **** *
  47:capsense_callback.c **** * Parameters:
  48:capsense_callback.c **** *  NULL
  49:capsense_callback.c **** *
  50:capsense_callback.c **** * Return:
  51:capsense_callback.c **** *  void
  52:capsense_callback.c **** *
  53:capsense_callback.c **** *******************************************************************************/
  54:capsense_callback.c **** void CapSense_ExitCallback()
  55:capsense_callback.c **** {
  47              		.loc 1 55 0
  48              		.cfi_startproc
  49              		@ args = 0, pretend = 0, frame = 0
  50              		@ frame_needed = 0, uses_anonymous_args = 0
  51              		@ link register save eliminated.
  56:capsense_callback.c **** #if(CY_CPU_CORTEX_M4)
  57:capsense_callback.c ****     
  58:capsense_callback.c ****    /* Do this only when CapSense isn't busy with an ongoing scan and CapSense block is initialized*
  59:capsense_callback.c ****     if(CapSense_IsBusy()==CapSense_NOT_BUSY && Capsense_initialized)
  60:capsense_callback.c ****     {
  61:capsense_callback.c ****     portBASE_TYPE xHigherPriorityTaskWoken = pdFALSE;
  62:capsense_callback.c ****         /* Notify the task that Scan is completed. */     
  63:capsense_callback.c ****         vTaskNotifyGiveFromISR(touchTaskHandle, &xHigherPriorityTaskWoken);
ARM GAS  C:\Users\ailen\AppData\Local\Temp\ccTHCxHB.s 			page 3


  64:capsense_callback.c ****         /**
  65:capsense_callback.c ****         * If xHigherPriorityTaskWoken is now set to pdTRUE then a context switch
  66:capsense_callback.c ****         *    should be performed to ensure the interrupt returns directly to the highest
  67:capsense_callback.c ****         *    priority task.  The macro used for this purpose is dependent on the port in
  68:capsense_callback.c ****         *    use and may be called portEND_SWITCHING_ISR().
  69:capsense_callback.c ****         **/
  70:capsense_callback.c ****     portYIELD_FROM_ISR(xHigherPriorityTaskWoken);
  71:capsense_callback.c ****     }           
  72:capsense_callback.c **** #endif
  73:capsense_callback.c **** }
  52              		.loc 1 73 0
  53              		@ sp needed
  54 0000 7047     		bx	lr
  55              		.cfi_endproc
  56              	.LFE484:
  57              		.size	CapSense_ExitCallback, .-CapSense_ExitCallback
  58              		.comm	touchTaskHandle,4,4
  59              		.comm	Capsense_initialized,1,1
  60 0002 C046     		.text
  61              	.Letext0:
  62              		.file 2 "c:\\program files (x86)\\cypress\\psoc creator\\4.4\\psoc creator\\import\\gnu\\arm\\5.4.
  63              		.file 3 "c:\\program files (x86)\\cypress\\psoc creator\\4.4\\psoc creator\\import\\gnu\\arm\\5.4.
  64              		.file 4 "Generated_Source\\PSoC6\\pdl\\drivers/peripheral/device/cy_device.h"
  65              		.file 5 "Generated_Source\\PSoC6\\pdl\\drivers/peripheral/syslib/cy_syslib.h"
  66              		.file 6 "Generated_Source\\PSoC6\\pdl\\drivers/peripheral/scb/cy_scb_uart.h"
  67              		.file 7 "Generated_Source\\PSoC6\\pdl\\drivers/peripheral/tcpwm/cy_tcpwm_pwm.h"
  68              		.file 8 "Generated_Source\\PSoC6\\pdl\\rtos/FreeRTOS/10.0.1/Source/include/task.h"
  69              		.file 9 "Generated_Source\\PSoC6/DEBUG_UART.h"
  70              		.file 10 "Generated_Source\\PSoC6/PWM_Red.h"
  71              		.file 11 "task_touch.h"
  72              		.section	.debug_info,"",%progbits
  73              	.Ldebug_info0:
  74 0000 CA070000 		.4byte	0x7ca
  75 0004 0400     		.2byte	0x4
  76 0006 00000000 		.4byte	.Ldebug_abbrev0
  77 000a 04       		.byte	0x4
  78 000b 01       		.uleb128 0x1
  79 000c 1E070000 		.4byte	.LASF163
  80 0010 0C       		.byte	0xc
  81 0011 EF030000 		.4byte	.LASF164
  82 0015 58050000 		.4byte	.LASF165
  83 0019 00000000 		.4byte	.Ldebug_ranges0+0
  84 001d 00000000 		.4byte	0
  85 0021 00000000 		.4byte	.Ldebug_line0
  86 0025 02       		.uleb128 0x2
  87 0026 01       		.byte	0x1
  88 0027 06       		.byte	0x6
  89 0028 91010000 		.4byte	.LASF0
  90 002c 03       		.uleb128 0x3
  91 002d A8000000 		.4byte	.LASF2
  92 0031 02       		.byte	0x2
  93 0032 1D       		.byte	0x1d
  94 0033 37000000 		.4byte	0x37
  95 0037 02       		.uleb128 0x2
  96 0038 01       		.byte	0x1
  97 0039 08       		.byte	0x8
  98 003a 38060000 		.4byte	.LASF1
ARM GAS  C:\Users\ailen\AppData\Local\Temp\ccTHCxHB.s 			page 4


  99 003e 03       		.uleb128 0x3
 100 003f FD020000 		.4byte	.LASF3
 101 0043 02       		.byte	0x2
 102 0044 29       		.byte	0x29
 103 0045 49000000 		.4byte	0x49
 104 0049 02       		.uleb128 0x2
 105 004a 02       		.byte	0x2
 106 004b 05       		.byte	0x5
 107 004c 55040000 		.4byte	.LASF4
 108 0050 03       		.uleb128 0x3
 109 0051 E6070000 		.4byte	.LASF5
 110 0055 02       		.byte	0x2
 111 0056 2B       		.byte	0x2b
 112 0057 5B000000 		.4byte	0x5b
 113 005b 02       		.uleb128 0x2
 114 005c 02       		.byte	0x2
 115 005d 07       		.byte	0x7
 116 005e 4E080000 		.4byte	.LASF6
 117 0062 02       		.uleb128 0x2
 118 0063 04       		.byte	0x4
 119 0064 05       		.byte	0x5
 120 0065 2A020000 		.4byte	.LASF7
 121 0069 03       		.uleb128 0x3
 122 006a E2020000 		.4byte	.LASF8
 123 006e 02       		.byte	0x2
 124 006f 41       		.byte	0x41
 125 0070 74000000 		.4byte	0x74
 126 0074 02       		.uleb128 0x2
 127 0075 04       		.byte	0x4
 128 0076 07       		.byte	0x7
 129 0077 85030000 		.4byte	.LASF9
 130 007b 02       		.uleb128 0x2
 131 007c 08       		.byte	0x8
 132 007d 05       		.byte	0x5
 133 007e 83010000 		.4byte	.LASF10
 134 0082 02       		.uleb128 0x2
 135 0083 08       		.byte	0x8
 136 0084 07       		.byte	0x7
 137 0085 F9000000 		.4byte	.LASF11
 138 0089 04       		.uleb128 0x4
 139 008a 04       		.byte	0x4
 140 008b 05       		.byte	0x5
 141 008c 696E7400 		.ascii	"int\000"
 142 0090 02       		.uleb128 0x2
 143 0091 04       		.byte	0x4
 144 0092 07       		.byte	0x7
 145 0093 58030000 		.4byte	.LASF12
 146 0097 03       		.uleb128 0x3
 147 0098 10090000 		.4byte	.LASF13
 148 009c 03       		.byte	0x3
 149 009d 18       		.byte	0x18
 150 009e 2C000000 		.4byte	0x2c
 151 00a2 03       		.uleb128 0x3
 152 00a3 7B010000 		.4byte	.LASF14
 153 00a7 03       		.byte	0x3
 154 00a8 20       		.byte	0x20
 155 00a9 3E000000 		.4byte	0x3e
ARM GAS  C:\Users\ailen\AppData\Local\Temp\ccTHCxHB.s 			page 5


 156 00ad 03       		.uleb128 0x3
 157 00ae 81020000 		.4byte	.LASF15
 158 00b2 03       		.byte	0x3
 159 00b3 24       		.byte	0x24
 160 00b4 50000000 		.4byte	0x50
 161 00b8 03       		.uleb128 0x3
 162 00b9 AC080000 		.4byte	.LASF16
 163 00bd 03       		.byte	0x3
 164 00be 30       		.byte	0x30
 165 00bf 69000000 		.4byte	0x69
 166 00c3 02       		.uleb128 0x2
 167 00c4 08       		.byte	0x8
 168 00c5 04       		.byte	0x4
 169 00c6 D5040000 		.4byte	.LASF17
 170 00ca 05       		.uleb128 0x5
 171 00cb B8000000 		.4byte	0xb8
 172 00cf 02       		.uleb128 0x2
 173 00d0 04       		.byte	0x4
 174 00d1 07       		.byte	0x7
 175 00d2 C1040000 		.4byte	.LASF18
 176 00d6 06       		.uleb128 0x6
 177 00d7 B8       		.byte	0xb8
 178 00d8 04       		.byte	0x4
 179 00d9 34       		.byte	0x34
 180 00da E7040000 		.4byte	0x4e7
 181 00de 07       		.uleb128 0x7
 182 00df DA000000 		.4byte	.LASF19
 183 00e3 04       		.byte	0x4
 184 00e4 37       		.byte	0x37
 185 00e5 B8000000 		.4byte	0xb8
 186 00e9 00       		.byte	0
 187 00ea 07       		.uleb128 0x7
 188 00eb D7020000 		.4byte	.LASF20
 189 00ef 04       		.byte	0x4
 190 00f0 38       		.byte	0x38
 191 00f1 B8000000 		.4byte	0xb8
 192 00f5 04       		.byte	0x4
 193 00f6 07       		.uleb128 0x7
 194 00f7 61020000 		.4byte	.LASF21
 195 00fb 04       		.byte	0x4
 196 00fc 39       		.byte	0x39
 197 00fd B8000000 		.4byte	0xb8
 198 0101 08       		.byte	0x8
 199 0102 07       		.uleb128 0x7
 200 0103 21060000 		.4byte	.LASF22
 201 0107 04       		.byte	0x4
 202 0108 3A       		.byte	0x3a
 203 0109 B8000000 		.4byte	0xb8
 204 010d 0C       		.byte	0xc
 205 010e 07       		.uleb128 0x7
 206 010f 7B040000 		.4byte	.LASF23
 207 0113 04       		.byte	0x4
 208 0114 3B       		.byte	0x3b
 209 0115 B8000000 		.4byte	0xb8
 210 0119 10       		.byte	0x10
 211 011a 07       		.uleb128 0x7
 212 011b 08020000 		.4byte	.LASF24
ARM GAS  C:\Users\ailen\AppData\Local\Temp\ccTHCxHB.s 			page 6


 213 011f 04       		.byte	0x4
 214 0120 3C       		.byte	0x3c
 215 0121 B8000000 		.4byte	0xb8
 216 0125 14       		.byte	0x14
 217 0126 07       		.uleb128 0x7
 218 0127 95080000 		.4byte	.LASF25
 219 012b 04       		.byte	0x4
 220 012c 3D       		.byte	0x3d
 221 012d B8000000 		.4byte	0xb8
 222 0131 18       		.byte	0x18
 223 0132 07       		.uleb128 0x7
 224 0133 83000000 		.4byte	.LASF26
 225 0137 04       		.byte	0x4
 226 0138 3E       		.byte	0x3e
 227 0139 B8000000 		.4byte	0xb8
 228 013d 1C       		.byte	0x1c
 229 013e 07       		.uleb128 0x7
 230 013f AC090000 		.4byte	.LASF27
 231 0143 04       		.byte	0x4
 232 0144 3F       		.byte	0x3f
 233 0145 B8000000 		.4byte	0xb8
 234 0149 20       		.byte	0x20
 235 014a 07       		.uleb128 0x7
 236 014b AA040000 		.4byte	.LASF28
 237 014f 04       		.byte	0x4
 238 0150 40       		.byte	0x40
 239 0151 B8000000 		.4byte	0xb8
 240 0155 24       		.byte	0x24
 241 0156 07       		.uleb128 0x7
 242 0157 F8090000 		.4byte	.LASF29
 243 015b 04       		.byte	0x4
 244 015c 43       		.byte	0x43
 245 015d 97000000 		.4byte	0x97
 246 0161 28       		.byte	0x28
 247 0162 07       		.uleb128 0x7
 248 0163 69000000 		.4byte	.LASF30
 249 0167 04       		.byte	0x4
 250 0168 44       		.byte	0x44
 251 0169 97000000 		.4byte	0x97
 252 016d 29       		.byte	0x29
 253 016e 07       		.uleb128 0x7
 254 016f A2090000 		.4byte	.LASF31
 255 0173 04       		.byte	0x4
 256 0174 45       		.byte	0x45
 257 0175 97000000 		.4byte	0x97
 258 0179 2A       		.byte	0x2a
 259 017a 07       		.uleb128 0x7
 260 017b 35050000 		.4byte	.LASF32
 261 017f 04       		.byte	0x4
 262 0180 46       		.byte	0x46
 263 0181 97000000 		.4byte	0x97
 264 0185 2B       		.byte	0x2b
 265 0186 07       		.uleb128 0x7
 266 0187 39040000 		.4byte	.LASF33
 267 018b 04       		.byte	0x4
 268 018c 47       		.byte	0x47
 269 018d 97000000 		.4byte	0x97
ARM GAS  C:\Users\ailen\AppData\Local\Temp\ccTHCxHB.s 			page 7


 270 0191 2C       		.byte	0x2c
 271 0192 07       		.uleb128 0x7
 272 0193 04080000 		.4byte	.LASF34
 273 0197 04       		.byte	0x4
 274 0198 48       		.byte	0x48
 275 0199 97000000 		.4byte	0x97
 276 019d 2D       		.byte	0x2d
 277 019e 07       		.uleb128 0x7
 278 019f D9010000 		.4byte	.LASF35
 279 01a3 04       		.byte	0x4
 280 01a4 49       		.byte	0x49
 281 01a5 97000000 		.4byte	0x97
 282 01a9 2E       		.byte	0x2e
 283 01aa 07       		.uleb128 0x7
 284 01ab B5040000 		.4byte	.LASF36
 285 01af 04       		.byte	0x4
 286 01b0 4A       		.byte	0x4a
 287 01b1 97000000 		.4byte	0x97
 288 01b5 2F       		.byte	0x2f
 289 01b6 07       		.uleb128 0x7
 290 01b7 04050000 		.4byte	.LASF37
 291 01bb 04       		.byte	0x4
 292 01bc 4B       		.byte	0x4b
 293 01bd 97000000 		.4byte	0x97
 294 01c1 30       		.byte	0x30
 295 01c2 07       		.uleb128 0x7
 296 01c3 B6030000 		.4byte	.LASF38
 297 01c7 04       		.byte	0x4
 298 01c8 4E       		.byte	0x4e
 299 01c9 97000000 		.4byte	0x97
 300 01cd 31       		.byte	0x31
 301 01ce 07       		.uleb128 0x7
 302 01cf 9A000000 		.4byte	.LASF39
 303 01d3 04       		.byte	0x4
 304 01d4 4F       		.byte	0x4f
 305 01d5 97000000 		.4byte	0x97
 306 01d9 32       		.byte	0x32
 307 01da 07       		.uleb128 0x7
 308 01db C1030000 		.4byte	.LASF40
 309 01df 04       		.byte	0x4
 310 01e0 50       		.byte	0x50
 311 01e1 97000000 		.4byte	0x97
 312 01e5 33       		.byte	0x33
 313 01e6 07       		.uleb128 0x7
 314 01e7 B2000000 		.4byte	.LASF41
 315 01eb 04       		.byte	0x4
 316 01ec 51       		.byte	0x51
 317 01ed 97000000 		.4byte	0x97
 318 01f1 34       		.byte	0x34
 319 01f2 07       		.uleb128 0x7
 320 01f3 78080000 		.4byte	.LASF42
 321 01f7 04       		.byte	0x4
 322 01f8 52       		.byte	0x52
 323 01f9 A2000000 		.4byte	0xa2
 324 01fd 36       		.byte	0x36
 325 01fe 07       		.uleb128 0x7
 326 01ff CB060000 		.4byte	.LASF43
ARM GAS  C:\Users\ailen\AppData\Local\Temp\ccTHCxHB.s 			page 8


 327 0203 04       		.byte	0x4
 328 0204 53       		.byte	0x53
 329 0205 A2000000 		.4byte	0xa2
 330 0209 38       		.byte	0x38
 331 020a 07       		.uleb128 0x7
 332 020b DD080000 		.4byte	.LASF44
 333 020f 04       		.byte	0x4
 334 0210 54       		.byte	0x54
 335 0211 A2000000 		.4byte	0xa2
 336 0215 3A       		.byte	0x3a
 337 0216 07       		.uleb128 0x7
 338 0217 F9010000 		.4byte	.LASF45
 339 021b 04       		.byte	0x4
 340 021c 55       		.byte	0x55
 341 021d 97000000 		.4byte	0x97
 342 0221 3C       		.byte	0x3c
 343 0222 07       		.uleb128 0x7
 344 0223 A6020000 		.4byte	.LASF46
 345 0227 04       		.byte	0x4
 346 0228 56       		.byte	0x56
 347 0229 97000000 		.4byte	0x97
 348 022d 3D       		.byte	0x3d
 349 022e 07       		.uleb128 0x7
 350 022f CF080000 		.4byte	.LASF47
 351 0233 04       		.byte	0x4
 352 0234 57       		.byte	0x57
 353 0235 97000000 		.4byte	0x97
 354 0239 3E       		.byte	0x3e
 355 023a 07       		.uleb128 0x7
 356 023b 77000000 		.4byte	.LASF48
 357 023f 04       		.byte	0x4
 358 0240 58       		.byte	0x58
 359 0241 97000000 		.4byte	0x97
 360 0245 3F       		.byte	0x3f
 361 0246 07       		.uleb128 0x7
 362 0247 43050000 		.4byte	.LASF49
 363 024b 04       		.byte	0x4
 364 024c 59       		.byte	0x59
 365 024d 97000000 		.4byte	0x97
 366 0251 40       		.byte	0x40
 367 0252 07       		.uleb128 0x7
 368 0253 ED020000 		.4byte	.LASF50
 369 0257 04       		.byte	0x4
 370 0258 5A       		.byte	0x5a
 371 0259 97000000 		.4byte	0x97
 372 025d 41       		.byte	0x41
 373 025e 07       		.uleb128 0x7
 374 025f F8040000 		.4byte	.LASF51
 375 0263 04       		.byte	0x4
 376 0264 5B       		.byte	0x5b
 377 0265 97000000 		.4byte	0x97
 378 0269 42       		.byte	0x42
 379 026a 07       		.uleb128 0x7
 380 026b 21050000 		.4byte	.LASF52
 381 026f 04       		.byte	0x4
 382 0270 5C       		.byte	0x5c
 383 0271 97000000 		.4byte	0x97
ARM GAS  C:\Users\ailen\AppData\Local\Temp\ccTHCxHB.s 			page 9


 384 0275 43       		.byte	0x43
 385 0276 07       		.uleb128 0x7
 386 0277 70020000 		.4byte	.LASF53
 387 027b 04       		.byte	0x4
 388 027c 5D       		.byte	0x5d
 389 027d 97000000 		.4byte	0x97
 390 0281 44       		.byte	0x44
 391 0282 07       		.uleb128 0x7
 392 0283 00000000 		.4byte	.LASF54
 393 0287 04       		.byte	0x4
 394 0288 5E       		.byte	0x5e
 395 0289 B8000000 		.4byte	0xb8
 396 028d 48       		.byte	0x48
 397 028e 07       		.uleb128 0x7
 398 028f 46020000 		.4byte	.LASF55
 399 0293 04       		.byte	0x4
 400 0294 5F       		.byte	0x5f
 401 0295 B8000000 		.4byte	0xb8
 402 0299 4C       		.byte	0x4c
 403 029a 07       		.uleb128 0x7
 404 029b 050A0000 		.4byte	.LASF56
 405 029f 04       		.byte	0x4
 406 02a0 60       		.byte	0x60
 407 02a1 97000000 		.4byte	0x97
 408 02a5 50       		.byte	0x50
 409 02a6 07       		.uleb128 0x7
 410 02a7 55010000 		.4byte	.LASF57
 411 02ab 04       		.byte	0x4
 412 02ac 61       		.byte	0x61
 413 02ad 97000000 		.4byte	0x97
 414 02b1 51       		.byte	0x51
 415 02b2 07       		.uleb128 0x7
 416 02b3 00090000 		.4byte	.LASF58
 417 02b7 04       		.byte	0x4
 418 02b8 62       		.byte	0x62
 419 02b9 97000000 		.4byte	0x97
 420 02bd 52       		.byte	0x52
 421 02be 07       		.uleb128 0x7
 422 02bf 11080000 		.4byte	.LASF59
 423 02c3 04       		.byte	0x4
 424 02c4 63       		.byte	0x63
 425 02c5 97000000 		.4byte	0x97
 426 02c9 53       		.byte	0x53
 427 02ca 07       		.uleb128 0x7
 428 02cb D6060000 		.4byte	.LASF60
 429 02cf 04       		.byte	0x4
 430 02d0 64       		.byte	0x64
 431 02d1 97000000 		.4byte	0x97
 432 02d5 54       		.byte	0x54
 433 02d6 07       		.uleb128 0x7
 434 02d7 67010000 		.4byte	.LASF61
 435 02db 04       		.byte	0x4
 436 02dc 65       		.byte	0x65
 437 02dd 97000000 		.4byte	0x97
 438 02e1 55       		.byte	0x55
 439 02e2 07       		.uleb128 0x7
 440 02e3 D2070000 		.4byte	.LASF62
ARM GAS  C:\Users\ailen\AppData\Local\Temp\ccTHCxHB.s 			page 10


 441 02e7 04       		.byte	0x4
 442 02e8 66       		.byte	0x66
 443 02e9 97000000 		.4byte	0x97
 444 02ed 56       		.byte	0x56
 445 02ee 07       		.uleb128 0x7
 446 02ef CD030000 		.4byte	.LASF63
 447 02f3 04       		.byte	0x4
 448 02f4 67       		.byte	0x67
 449 02f5 97000000 		.4byte	0x97
 450 02f9 57       		.byte	0x57
 451 02fa 07       		.uleb128 0x7
 452 02fb 24000000 		.4byte	.LASF64
 453 02ff 04       		.byte	0x4
 454 0300 68       		.byte	0x68
 455 0301 97000000 		.4byte	0x97
 456 0305 58       		.byte	0x58
 457 0306 07       		.uleb128 0x7
 458 0307 46060000 		.4byte	.LASF65
 459 030b 04       		.byte	0x4
 460 030c 69       		.byte	0x69
 461 030d 97000000 		.4byte	0x97
 462 0311 59       		.byte	0x59
 463 0312 07       		.uleb128 0x7
 464 0313 CA040000 		.4byte	.LASF66
 465 0317 04       		.byte	0x4
 466 0318 6E       		.byte	0x6e
 467 0319 AD000000 		.4byte	0xad
 468 031d 5A       		.byte	0x5a
 469 031e 07       		.uleb128 0x7
 470 031f 61080000 		.4byte	.LASF67
 471 0323 04       		.byte	0x4
 472 0324 6F       		.byte	0x6f
 473 0325 AD000000 		.4byte	0xad
 474 0329 5C       		.byte	0x5c
 475 032a 07       		.uleb128 0x7
 476 032b EA000000 		.4byte	.LASF68
 477 032f 04       		.byte	0x4
 478 0330 70       		.byte	0x70
 479 0331 97000000 		.4byte	0x97
 480 0335 5E       		.byte	0x5e
 481 0336 07       		.uleb128 0x7
 482 0337 FC050000 		.4byte	.LASF69
 483 033b 04       		.byte	0x4
 484 033c 71       		.byte	0x71
 485 033d 97000000 		.4byte	0x97
 486 0341 5F       		.byte	0x5f
 487 0342 07       		.uleb128 0x7
 488 0343 10050000 		.4byte	.LASF70
 489 0347 04       		.byte	0x4
 490 0348 72       		.byte	0x72
 491 0349 97000000 		.4byte	0x97
 492 034d 60       		.byte	0x60
 493 034e 07       		.uleb128 0x7
 494 034f C6050000 		.4byte	.LASF71
 495 0353 04       		.byte	0x4
 496 0354 73       		.byte	0x73
 497 0355 B8000000 		.4byte	0xb8
ARM GAS  C:\Users\ailen\AppData\Local\Temp\ccTHCxHB.s 			page 11


 498 0359 64       		.byte	0x64
 499 035a 07       		.uleb128 0x7
 500 035b 1F010000 		.4byte	.LASF72
 501 035f 04       		.byte	0x4
 502 0360 76       		.byte	0x76
 503 0361 AD000000 		.4byte	0xad
 504 0365 68       		.byte	0x68
 505 0366 07       		.uleb128 0x7
 506 0367 73030000 		.4byte	.LASF73
 507 036b 04       		.byte	0x4
 508 036c 77       		.byte	0x77
 509 036d AD000000 		.4byte	0xad
 510 0371 6A       		.byte	0x6a
 511 0372 07       		.uleb128 0x7
 512 0373 D7050000 		.4byte	.LASF74
 513 0377 04       		.byte	0x4
 514 0378 78       		.byte	0x78
 515 0379 AD000000 		.4byte	0xad
 516 037d 6C       		.byte	0x6c
 517 037e 07       		.uleb128 0x7
 518 037f FC060000 		.4byte	.LASF75
 519 0383 04       		.byte	0x4
 520 0384 79       		.byte	0x79
 521 0385 AD000000 		.4byte	0xad
 522 0389 6E       		.byte	0x6e
 523 038a 07       		.uleb128 0x7
 524 038b 9C060000 		.4byte	.LASF76
 525 038f 04       		.byte	0x4
 526 0390 7B       		.byte	0x7b
 527 0391 97000000 		.4byte	0x97
 528 0395 70       		.byte	0x70
 529 0396 07       		.uleb128 0x7
 530 0397 9D010000 		.4byte	.LASF77
 531 039b 04       		.byte	0x4
 532 039c 7C       		.byte	0x7c
 533 039d 97000000 		.4byte	0x97
 534 03a1 71       		.byte	0x71
 535 03a2 07       		.uleb128 0x7
 536 03a3 C4090000 		.4byte	.LASF78
 537 03a7 04       		.byte	0x4
 538 03a8 7D       		.byte	0x7d
 539 03a9 97000000 		.4byte	0x97
 540 03ad 72       		.byte	0x72
 541 03ae 07       		.uleb128 0x7
 542 03af E1040000 		.4byte	.LASF79
 543 03b3 04       		.byte	0x4
 544 03b4 7E       		.byte	0x7e
 545 03b5 97000000 		.4byte	0x97
 546 03b9 73       		.byte	0x73
 547 03ba 07       		.uleb128 0x7
 548 03bb B1020000 		.4byte	.LASF80
 549 03bf 04       		.byte	0x4
 550 03c0 80       		.byte	0x80
 551 03c1 AD000000 		.4byte	0xad
 552 03c5 74       		.byte	0x74
 553 03c6 07       		.uleb128 0x7
 554 03c7 F1070000 		.4byte	.LASF81
ARM GAS  C:\Users\ailen\AppData\Local\Temp\ccTHCxHB.s 			page 12


 555 03cb 04       		.byte	0x4
 556 03cc 81       		.byte	0x81
 557 03cd AD000000 		.4byte	0xad
 558 03d1 76       		.byte	0x76
 559 03d2 07       		.uleb128 0x7
 560 03d3 91020000 		.4byte	.LASF82
 561 03d7 04       		.byte	0x4
 562 03d8 82       		.byte	0x82
 563 03d9 AD000000 		.4byte	0xad
 564 03dd 78       		.byte	0x78
 565 03de 07       		.uleb128 0x7
 566 03df 5A060000 		.4byte	.LASF83
 567 03e3 04       		.byte	0x4
 568 03e4 83       		.byte	0x83
 569 03e5 AD000000 		.4byte	0xad
 570 03e9 7A       		.byte	0x7a
 571 03ea 07       		.uleb128 0x7
 572 03eb 36090000 		.4byte	.LASF84
 573 03ef 04       		.byte	0x4
 574 03f0 86       		.byte	0x86
 575 03f1 97000000 		.4byte	0x97
 576 03f5 7C       		.byte	0x7c
 577 03f6 07       		.uleb128 0x7
 578 03f7 28040000 		.4byte	.LASF85
 579 03fb 04       		.byte	0x4
 580 03fc 87       		.byte	0x87
 581 03fd 97000000 		.4byte	0x97
 582 0401 7D       		.byte	0x7d
 583 0402 07       		.uleb128 0x7
 584 0403 38000000 		.4byte	.LASF86
 585 0407 04       		.byte	0x4
 586 0408 88       		.byte	0x88
 587 0409 97000000 		.4byte	0x97
 588 040d 7E       		.byte	0x7e
 589 040e 07       		.uleb128 0x7
 590 040f C3020000 		.4byte	.LASF87
 591 0413 04       		.byte	0x4
 592 0414 89       		.byte	0x89
 593 0415 97000000 		.4byte	0x97
 594 0419 7F       		.byte	0x7f
 595 041a 07       		.uleb128 0x7
 596 041b 2F030000 		.4byte	.LASF88
 597 041f 04       		.byte	0x4
 598 0420 8A       		.byte	0x8a
 599 0421 97000000 		.4byte	0x97
 600 0425 80       		.byte	0x80
 601 0426 07       		.uleb128 0x7
 602 0427 93040000 		.4byte	.LASF89
 603 042b 04       		.byte	0x4
 604 042c 8D       		.byte	0x8d
 605 042d B8000000 		.4byte	0xb8
 606 0431 84       		.byte	0x84
 607 0432 07       		.uleb128 0x7
 608 0433 C3000000 		.4byte	.LASF90
 609 0437 04       		.byte	0x4
 610 0438 8E       		.byte	0x8e
 611 0439 B8000000 		.4byte	0xb8
ARM GAS  C:\Users\ailen\AppData\Local\Temp\ccTHCxHB.s 			page 13


 612 043d 88       		.byte	0x88
 613 043e 07       		.uleb128 0x7
 614 043f 21090000 		.4byte	.LASF91
 615 0443 04       		.byte	0x4
 616 0444 8F       		.byte	0x8f
 617 0445 B8000000 		.4byte	0xb8
 618 0449 8C       		.byte	0x8c
 619 044a 07       		.uleb128 0x7
 620 044b 43030000 		.4byte	.LASF92
 621 044f 04       		.byte	0x4
 622 0450 90       		.byte	0x90
 623 0451 B8000000 		.4byte	0xb8
 624 0455 90       		.byte	0x90
 625 0456 07       		.uleb128 0x7
 626 0457 10030000 		.4byte	.LASF93
 627 045b 04       		.byte	0x4
 628 045c 91       		.byte	0x91
 629 045d B8000000 		.4byte	0xb8
 630 0461 94       		.byte	0x94
 631 0462 07       		.uleb128 0x7
 632 0463 C3010000 		.4byte	.LASF94
 633 0467 04       		.byte	0x4
 634 0468 92       		.byte	0x92
 635 0469 B8000000 		.4byte	0xb8
 636 046d 98       		.byte	0x98
 637 046e 07       		.uleb128 0x7
 638 046f 83090000 		.4byte	.LASF95
 639 0473 04       		.byte	0x4
 640 0474 93       		.byte	0x93
 641 0475 B8000000 		.4byte	0xb8
 642 0479 9C       		.byte	0x9c
 643 047a 07       		.uleb128 0x7
 644 047b 39010000 		.4byte	.LASF96
 645 047f 04       		.byte	0x4
 646 0480 94       		.byte	0x94
 647 0481 B8000000 		.4byte	0xb8
 648 0485 A0       		.byte	0xa0
 649 0486 07       		.uleb128 0x7
 650 0487 E4010000 		.4byte	.LASF97
 651 048b 04       		.byte	0x4
 652 048c 95       		.byte	0x95
 653 048d AD000000 		.4byte	0xad
 654 0491 A4       		.byte	0xa4
 655 0492 07       		.uleb128 0x7
 656 0493 09070000 		.4byte	.LASF98
 657 0497 04       		.byte	0x4
 658 0498 96       		.byte	0x96
 659 0499 AD000000 		.4byte	0xad
 660 049d A6       		.byte	0xa6
 661 049e 07       		.uleb128 0x7
 662 049f F0050000 		.4byte	.LASF99
 663 04a3 04       		.byte	0x4
 664 04a4 97       		.byte	0x97
 665 04a5 AD000000 		.4byte	0xad
 666 04a9 A8       		.byte	0xa8
 667 04aa 07       		.uleb128 0x7
 668 04ab 81060000 		.4byte	.LASF100
ARM GAS  C:\Users\ailen\AppData\Local\Temp\ccTHCxHB.s 			page 14


 669 04af 04       		.byte	0x4
 670 04b0 98       		.byte	0x98
 671 04b1 AD000000 		.4byte	0xad
 672 04b5 AA       		.byte	0xaa
 673 04b6 07       		.uleb128 0x7
 674 04b7 03040000 		.4byte	.LASF101
 675 04bb 04       		.byte	0x4
 676 04bc 99       		.byte	0x99
 677 04bd AD000000 		.4byte	0xad
 678 04c1 AC       		.byte	0xac
 679 04c2 07       		.uleb128 0x7
 680 04c3 8C000000 		.4byte	.LASF102
 681 04c7 04       		.byte	0x4
 682 04c8 9A       		.byte	0x9a
 683 04c9 AD000000 		.4byte	0xad
 684 04cd AE       		.byte	0xae
 685 04ce 07       		.uleb128 0x7
 686 04cf 6A080000 		.4byte	.LASF103
 687 04d3 04       		.byte	0x4
 688 04d4 9D       		.byte	0x9d
 689 04d5 AD000000 		.4byte	0xad
 690 04d9 B0       		.byte	0xb0
 691 04da 07       		.uleb128 0x7
 692 04db 55000000 		.4byte	.LASF104
 693 04df 04       		.byte	0x4
 694 04e0 9E       		.byte	0x9e
 695 04e1 B8000000 		.4byte	0xb8
 696 04e5 B4       		.byte	0xb4
 697 04e6 00       		.byte	0
 698 04e7 03       		.uleb128 0x3
 699 04e8 45040000 		.4byte	.LASF105
 700 04ec 04       		.byte	0x4
 701 04ed 9F       		.byte	0x9f
 702 04ee D6000000 		.4byte	0xd6
 703 04f2 02       		.uleb128 0x2
 704 04f3 01       		.byte	0x1
 705 04f4 08       		.byte	0x8
 706 04f5 CD070000 		.4byte	.LASF106
 707 04f9 02       		.uleb128 0x2
 708 04fa 04       		.byte	0x4
 709 04fb 04       		.byte	0x4
 710 04fc E4000000 		.4byte	.LASF107
 711 0500 02       		.uleb128 0x2
 712 0501 08       		.byte	0x8
 713 0502 04       		.byte	0x4
 714 0503 8A020000 		.4byte	.LASF108
 715 0507 08       		.uleb128 0x8
 716 0508 6A020000 		.4byte	.LASF109
 717 050c 05       		.byte	0x5
 718 050d EA03     		.2byte	0x3ea
 719 050f 97000000 		.4byte	0x97
 720 0513 09       		.uleb128 0x9
 721 0514 04       		.byte	0x4
 722 0515 02       		.uleb128 0x2
 723 0516 01       		.byte	0x1
 724 0517 02       		.byte	0x2
 725 0518 F2090000 		.4byte	.LASF110
ARM GAS  C:\Users\ailen\AppData\Local\Temp\ccTHCxHB.s 			page 15


 726 051c 0A       		.uleb128 0xa
 727 051d 04       		.byte	0x4
 728 051e 22050000 		.4byte	0x522
 729 0522 0B       		.uleb128 0xb
 730 0523 2D050000 		.4byte	0x52d
 731 0527 0C       		.uleb128 0xc
 732 0528 B8000000 		.4byte	0xb8
 733 052c 00       		.byte	0
 734 052d 08       		.uleb128 0x8
 735 052e 97030000 		.4byte	.LASF111
 736 0532 06       		.byte	0x6
 737 0533 D901     		.2byte	0x1d9
 738 0535 1C050000 		.4byte	0x51c
 739 0539 0D       		.uleb128 0xd
 740 053a DA090000 		.4byte	.LASF127
 741 053e 38       		.byte	0x38
 742 053f 06       		.byte	0x6
 743 0540 7502     		.2byte	0x275
 744 0542 FD050000 		.4byte	0x5fd
 745 0546 0E       		.uleb128 0xe
 746 0547 99090000 		.4byte	.LASF112
 747 054b 06       		.byte	0x6
 748 054c 7802     		.2byte	0x278
 749 054e CA000000 		.4byte	0xca
 750 0552 00       		.byte	0
 751 0553 0E       		.uleb128 0xe
 752 0554 2C050000 		.4byte	.LASF113
 753 0558 06       		.byte	0x6
 754 0559 7902     		.2byte	0x279
 755 055b CA000000 		.4byte	0xca
 756 055f 04       		.byte	0x4
 757 0560 0E       		.uleb128 0xe
 758 0561 2F010000 		.4byte	.LASF114
 759 0565 06       		.byte	0x6
 760 0566 7B02     		.2byte	0x27b
 761 0568 13050000 		.4byte	0x513
 762 056c 08       		.byte	0x8
 763 056d 0E       		.uleb128 0xe
 764 056e 65030000 		.4byte	.LASF115
 765 0572 06       		.byte	0x6
 766 0573 7C02     		.2byte	0x27c
 767 0575 B8000000 		.4byte	0xb8
 768 0579 0C       		.byte	0xc
 769 057a 0E       		.uleb128 0xe
 770 057b 23080000 		.4byte	.LASF116
 771 057f 06       		.byte	0x6
 772 0580 7D02     		.2byte	0x27d
 773 0582 CA000000 		.4byte	0xca
 774 0586 10       		.byte	0x10
 775 0587 0E       		.uleb128 0xe
 776 0588 75090000 		.4byte	.LASF117
 777 058c 06       		.byte	0x6
 778 058d 7E02     		.2byte	0x27e
 779 058f CA000000 		.4byte	0xca
 780 0593 14       		.byte	0x14
 781 0594 0E       		.uleb128 0xe
 782 0595 A6080000 		.4byte	.LASF118
ARM GAS  C:\Users\ailen\AppData\Local\Temp\ccTHCxHB.s 			page 16


 783 0599 06       		.byte	0x6
 784 059a 8002     		.2byte	0x280
 785 059c 13050000 		.4byte	0x513
 786 05a0 18       		.byte	0x18
 787 05a1 0E       		.uleb128 0xe
 788 05a2 1A000000 		.4byte	.LASF119
 789 05a6 06       		.byte	0x6
 790 05a7 8102     		.2byte	0x281
 791 05a9 B8000000 		.4byte	0xb8
 792 05ad 1C       		.byte	0x1c
 793 05ae 0E       		.uleb128 0xe
 794 05af 07030000 		.4byte	.LASF120
 795 05b3 06       		.byte	0x6
 796 05b4 8202     		.2byte	0x282
 797 05b6 CA000000 		.4byte	0xca
 798 05ba 20       		.byte	0x20
 799 05bb 0E       		.uleb128 0xe
 800 05bc 4F010000 		.4byte	.LASF121
 801 05c0 06       		.byte	0x6
 802 05c1 8402     		.2byte	0x284
 803 05c3 13050000 		.4byte	0x513
 804 05c7 24       		.byte	0x24
 805 05c8 0E       		.uleb128 0xe
 806 05c9 25030000 		.4byte	.LASF122
 807 05cd 06       		.byte	0x6
 808 05ce 8502     		.2byte	0x285
 809 05d0 B8000000 		.4byte	0xb8
 810 05d4 28       		.byte	0x28
 811 05d5 0E       		.uleb128 0xe
 812 05d6 B2010000 		.4byte	.LASF123
 813 05da 06       		.byte	0x6
 814 05db 8602     		.2byte	0x286
 815 05dd CA000000 		.4byte	0xca
 816 05e1 2C       		.byte	0x2c
 817 05e2 0E       		.uleb128 0xe
 818 05e3 1F040000 		.4byte	.LASF124
 819 05e7 06       		.byte	0x6
 820 05e8 8B02     		.2byte	0x28b
 821 05ea 2D050000 		.4byte	0x52d
 822 05ee 30       		.byte	0x30
 823 05ef 0E       		.uleb128 0xe
 824 05f0 9E080000 		.4byte	.LASF125
 825 05f4 06       		.byte	0x6
 826 05f5 8E02     		.2byte	0x28e
 827 05f7 B8000000 		.4byte	0xb8
 828 05fb 34       		.byte	0x34
 829 05fc 00       		.byte	0
 830 05fd 08       		.uleb128 0x8
 831 05fe B5080000 		.4byte	.LASF126
 832 0602 06       		.byte	0x6
 833 0603 9102     		.2byte	0x291
 834 0605 39050000 		.4byte	0x539
 835 0609 0F       		.uleb128 0xf
 836 060a 12020000 		.4byte	.LASF128
 837 060e 64       		.byte	0x64
 838 060f 07       		.byte	0x7
 839 0610 2F       		.byte	0x2f
ARM GAS  C:\Users\ailen\AppData\Local\Temp\ccTHCxHB.s 			page 17


 840 0611 42070000 		.4byte	0x742
 841 0615 07       		.uleb128 0x7
 842 0616 50050000 		.4byte	.LASF129
 843 061a 07       		.byte	0x7
 844 061b 31       		.byte	0x31
 845 061c B8000000 		.4byte	0xb8
 846 0620 00       		.byte	0
 847 0621 07       		.uleb128 0x7
 848 0622 10010000 		.4byte	.LASF130
 849 0626 07       		.byte	0x7
 850 0627 33       		.byte	0x33
 851 0628 B8000000 		.4byte	0xb8
 852 062c 04       		.byte	0x4
 853 062d 07       		.uleb128 0x7
 854 062e 8F060000 		.4byte	.LASF131
 855 0632 07       		.byte	0x7
 856 0633 34       		.byte	0x34
 857 0634 B8000000 		.4byte	0xb8
 858 0638 08       		.byte	0x8
 859 0639 07       		.uleb128 0x7
 860 063a 6C040000 		.4byte	.LASF132
 861 063e 07       		.byte	0x7
 862 063f 35       		.byte	0x35
 863 0640 B8000000 		.4byte	0xb8
 864 0644 0C       		.byte	0xc
 865 0645 07       		.uleb128 0x7
 866 0646 12000000 		.4byte	.LASF133
 867 064a 07       		.byte	0x7
 868 064b 36       		.byte	0x36
 869 064c B8000000 		.4byte	0xb8
 870 0650 10       		.byte	0x10
 871 0651 07       		.uleb128 0x7
 872 0652 85080000 		.4byte	.LASF134
 873 0656 07       		.byte	0x7
 874 0657 37       		.byte	0x37
 875 0658 B8000000 		.4byte	0xb8
 876 065c 14       		.byte	0x14
 877 065d 07       		.uleb128 0x7
 878 065e 8D080000 		.4byte	.LASF135
 879 0662 07       		.byte	0x7
 880 0663 38       		.byte	0x38
 881 0664 B8000000 		.4byte	0xb8
 882 0668 18       		.byte	0x18
 883 0669 07       		.uleb128 0x7
 884 066a B0060000 		.4byte	.LASF136
 885 066e 07       		.byte	0x7
 886 066f 39       		.byte	0x39
 887 0670 15050000 		.4byte	0x515
 888 0674 1C       		.byte	0x1c
 889 0675 07       		.uleb128 0x7
 890 0676 B0070000 		.4byte	.LASF137
 891 067a 07       		.byte	0x7
 892 067b 3A       		.byte	0x3a
 893 067c B8000000 		.4byte	0xb8
 894 0680 20       		.byte	0x20
 895 0681 07       		.uleb128 0x7
 896 0682 B9070000 		.4byte	.LASF138
ARM GAS  C:\Users\ailen\AppData\Local\Temp\ccTHCxHB.s 			page 18


 897 0686 07       		.byte	0x7
 898 0687 3B       		.byte	0x3b
 899 0688 B8000000 		.4byte	0xb8
 900 068c 24       		.byte	0x24
 901 068d 07       		.uleb128 0x7
 902 068e 6F060000 		.4byte	.LASF139
 903 0692 07       		.byte	0x7
 904 0693 3C       		.byte	0x3c
 905 0694 15050000 		.4byte	0x515
 906 0698 28       		.byte	0x28
 907 0699 07       		.uleb128 0x7
 908 069a 31080000 		.4byte	.LASF140
 909 069e 07       		.byte	0x7
 910 069f 3E       		.byte	0x3e
 911 06a0 B8000000 		.4byte	0xb8
 912 06a4 2C       		.byte	0x2c
 913 06a5 07       		.uleb128 0x7
 914 06a6 5F040000 		.4byte	.LASF141
 915 06aa 07       		.byte	0x7
 916 06ab 3F       		.byte	0x3f
 917 06ac B8000000 		.4byte	0xb8
 918 06b0 30       		.byte	0x30
 919 06b1 07       		.uleb128 0x7
 920 06b2 F2080000 		.4byte	.LASF142
 921 06b6 07       		.byte	0x7
 922 06b7 40       		.byte	0x40
 923 06b8 B8000000 		.4byte	0xb8
 924 06bc 34       		.byte	0x34
 925 06bd 07       		.uleb128 0x7
 926 06be 18090000 		.4byte	.LASF143
 927 06c2 07       		.byte	0x7
 928 06c3 41       		.byte	0x41
 929 06c4 B8000000 		.4byte	0xb8
 930 06c8 38       		.byte	0x38
 931 06c9 07       		.uleb128 0x7
 932 06ca E1030000 		.4byte	.LASF144
 933 06ce 07       		.byte	0x7
 934 06cf 42       		.byte	0x42
 935 06d0 B8000000 		.4byte	0xb8
 936 06d4 3C       		.byte	0x3c
 937 06d5 07       		.uleb128 0x7
 938 06d6 C1060000 		.4byte	.LASF145
 939 06da 07       		.byte	0x7
 940 06db 44       		.byte	0x44
 941 06dc B8000000 		.4byte	0xb8
 942 06e0 40       		.byte	0x40
 943 06e1 07       		.uleb128 0x7
 944 06e2 65090000 		.4byte	.LASF146
 945 06e6 07       		.byte	0x7
 946 06e7 45       		.byte	0x45
 947 06e8 B8000000 		.4byte	0xb8
 948 06ec 44       		.byte	0x44
 949 06ed 07       		.uleb128 0x7
 950 06ee 42080000 		.4byte	.LASF147
 951 06f2 07       		.byte	0x7
 952 06f3 47       		.byte	0x47
 953 06f4 B8000000 		.4byte	0xb8
ARM GAS  C:\Users\ailen\AppData\Local\Temp\ccTHCxHB.s 			page 19


 954 06f8 48       		.byte	0x48
 955 06f9 07       		.uleb128 0x7
 956 06fa 29060000 		.4byte	.LASF148
 957 06fe 07       		.byte	0x7
 958 06ff 48       		.byte	0x48
 959 0700 B8000000 		.4byte	0xb8
 960 0704 4C       		.byte	0x4c
 961 0705 07       		.uleb128 0x7
 962 0706 2D0A0000 		.4byte	.LASF149
 963 070a 07       		.byte	0x7
 964 070b 4A       		.byte	0x4a
 965 070c B8000000 		.4byte	0xb8
 966 0710 50       		.byte	0x50
 967 0711 07       		.uleb128 0x7
 968 0712 11040000 		.4byte	.LASF150
 969 0716 07       		.byte	0x7
 970 0717 4B       		.byte	0x4b
 971 0718 B8000000 		.4byte	0xb8
 972 071c 54       		.byte	0x54
 973 071d 07       		.uleb128 0x7
 974 071e 4B000000 		.4byte	.LASF151
 975 0722 07       		.byte	0x7
 976 0723 4D       		.byte	0x4d
 977 0724 B8000000 		.4byte	0xb8
 978 0728 58       		.byte	0x58
 979 0729 07       		.uleb128 0x7
 980 072a 84040000 		.4byte	.LASF152
 981 072e 07       		.byte	0x7
 982 072f 4E       		.byte	0x4e
 983 0730 B8000000 		.4byte	0xb8
 984 0734 5C       		.byte	0x5c
 985 0735 07       		.uleb128 0x7
 986 0736 C2070000 		.4byte	.LASF153
 987 073a 07       		.byte	0x7
 988 073b 50       		.byte	0x50
 989 073c B8000000 		.4byte	0xb8
 990 0740 60       		.byte	0x60
 991 0741 00       		.byte	0
 992 0742 03       		.uleb128 0x3
 993 0743 4B090000 		.4byte	.LASF154
 994 0747 07       		.byte	0x7
 995 0748 51       		.byte	0x51
 996 0749 09060000 		.4byte	0x609
 997 074d 03       		.uleb128 0x3
 998 074e 54020000 		.4byte	.LASF155
 999 0752 08       		.byte	0x8
 1000 0753 3D       		.byte	0x3d
 1001 0754 13050000 		.4byte	0x513
 1002 0758 10       		.uleb128 0x10
 1003 0759 160A0000 		.4byte	.LASF156
 1004 075d 01       		.byte	0x1
 1005 075e 23       		.byte	0x23
 1006 075f 00000000 		.4byte	.LFB483
 1007 0763 02000000 		.4byte	.LFE483-.LFB483
 1008 0767 01       		.uleb128 0x1
 1009 0768 9C       		.byte	0x9c
 1010 0769 10       		.uleb128 0x10
ARM GAS  C:\Users\ailen\AppData\Local\Temp\ccTHCxHB.s 			page 20


 1011 076a E6060000 		.4byte	.LASF157
 1012 076e 01       		.byte	0x1
 1013 076f 36       		.byte	0x36
 1014 0770 00000000 		.4byte	.LFB484
 1015 0774 02000000 		.4byte	.LFE484-.LFB484
 1016 0778 01       		.uleb128 0x1
 1017 0779 9C       		.byte	0x9c
 1018 077a 11       		.uleb128 0x11
 1019 077b E6050000 		.4byte	.LASF158
 1020 077f 04       		.byte	0x4
 1021 0780 A7       		.byte	0xa7
 1022 0781 85070000 		.4byte	0x785
 1023 0785 0A       		.uleb128 0xa
 1024 0786 04       		.byte	0x4
 1025 0787 8B070000 		.4byte	0x78b
 1026 078b 12       		.uleb128 0x12
 1027 078c E7040000 		.4byte	0x4e7
 1028 0790 11       		.uleb128 0x11
 1029 0791 33020000 		.4byte	.LASF159
 1030 0795 09       		.byte	0x9
 1031 0796 87       		.byte	0x87
 1032 0797 FD050000 		.4byte	0x5fd
 1033 079b 11       		.uleb128 0x11
 1034 079c 12060000 		.4byte	.LASF160
 1035 07a0 0A       		.byte	0xa
 1036 07a1 1F       		.byte	0x1f
 1037 07a2 A6070000 		.4byte	0x7a6
 1038 07a6 12       		.uleb128 0x12
 1039 07a7 42070000 		.4byte	0x742
 1040 07ab 13       		.uleb128 0x13
 1041 07ac B1050000 		.4byte	.LASF161
 1042 07b0 0B       		.byte	0xb
 1043 07b1 3B       		.byte	0x3b
 1044 07b2 15050000 		.4byte	0x515
 1045 07b6 05       		.uleb128 0x5
 1046 07b7 03       		.byte	0x3
 1047 07b8 00000000 		.4byte	Capsense_initialized
 1048 07bc 13       		.uleb128 0x13
 1049 07bd B4090000 		.4byte	.LASF162
 1050 07c1 0B       		.byte	0xb
 1051 07c2 3D       		.byte	0x3d
 1052 07c3 4D070000 		.4byte	0x74d
 1053 07c7 05       		.uleb128 0x5
 1054 07c8 03       		.byte	0x3
 1055 07c9 00000000 		.4byte	touchTaskHandle
 1056 07cd 00       		.byte	0
 1057              		.section	.debug_abbrev,"",%progbits
 1058              	.Ldebug_abbrev0:
 1059 0000 01       		.uleb128 0x1
 1060 0001 11       		.uleb128 0x11
 1061 0002 01       		.byte	0x1
 1062 0003 25       		.uleb128 0x25
 1063 0004 0E       		.uleb128 0xe
 1064 0005 13       		.uleb128 0x13
 1065 0006 0B       		.uleb128 0xb
 1066 0007 03       		.uleb128 0x3
 1067 0008 0E       		.uleb128 0xe
ARM GAS  C:\Users\ailen\AppData\Local\Temp\ccTHCxHB.s 			page 21


 1068 0009 1B       		.uleb128 0x1b
 1069 000a 0E       		.uleb128 0xe
 1070 000b 55       		.uleb128 0x55
 1071 000c 17       		.uleb128 0x17
 1072 000d 11       		.uleb128 0x11
 1073 000e 01       		.uleb128 0x1
 1074 000f 10       		.uleb128 0x10
 1075 0010 17       		.uleb128 0x17
 1076 0011 00       		.byte	0
 1077 0012 00       		.byte	0
 1078 0013 02       		.uleb128 0x2
 1079 0014 24       		.uleb128 0x24
 1080 0015 00       		.byte	0
 1081 0016 0B       		.uleb128 0xb
 1082 0017 0B       		.uleb128 0xb
 1083 0018 3E       		.uleb128 0x3e
 1084 0019 0B       		.uleb128 0xb
 1085 001a 03       		.uleb128 0x3
 1086 001b 0E       		.uleb128 0xe
 1087 001c 00       		.byte	0
 1088 001d 00       		.byte	0
 1089 001e 03       		.uleb128 0x3
 1090 001f 16       		.uleb128 0x16
 1091 0020 00       		.byte	0
 1092 0021 03       		.uleb128 0x3
 1093 0022 0E       		.uleb128 0xe
 1094 0023 3A       		.uleb128 0x3a
 1095 0024 0B       		.uleb128 0xb
 1096 0025 3B       		.uleb128 0x3b
 1097 0026 0B       		.uleb128 0xb
 1098 0027 49       		.uleb128 0x49
 1099 0028 13       		.uleb128 0x13
 1100 0029 00       		.byte	0
 1101 002a 00       		.byte	0
 1102 002b 04       		.uleb128 0x4
 1103 002c 24       		.uleb128 0x24
 1104 002d 00       		.byte	0
 1105 002e 0B       		.uleb128 0xb
 1106 002f 0B       		.uleb128 0xb
 1107 0030 3E       		.uleb128 0x3e
 1108 0031 0B       		.uleb128 0xb
 1109 0032 03       		.uleb128 0x3
 1110 0033 08       		.uleb128 0x8
 1111 0034 00       		.byte	0
 1112 0035 00       		.byte	0
 1113 0036 05       		.uleb128 0x5
 1114 0037 35       		.uleb128 0x35
 1115 0038 00       		.byte	0
 1116 0039 49       		.uleb128 0x49
 1117 003a 13       		.uleb128 0x13
 1118 003b 00       		.byte	0
 1119 003c 00       		.byte	0
 1120 003d 06       		.uleb128 0x6
 1121 003e 13       		.uleb128 0x13
 1122 003f 01       		.byte	0x1
 1123 0040 0B       		.uleb128 0xb
 1124 0041 0B       		.uleb128 0xb
ARM GAS  C:\Users\ailen\AppData\Local\Temp\ccTHCxHB.s 			page 22


 1125 0042 3A       		.uleb128 0x3a
 1126 0043 0B       		.uleb128 0xb
 1127 0044 3B       		.uleb128 0x3b
 1128 0045 0B       		.uleb128 0xb
 1129 0046 01       		.uleb128 0x1
 1130 0047 13       		.uleb128 0x13
 1131 0048 00       		.byte	0
 1132 0049 00       		.byte	0
 1133 004a 07       		.uleb128 0x7
 1134 004b 0D       		.uleb128 0xd
 1135 004c 00       		.byte	0
 1136 004d 03       		.uleb128 0x3
 1137 004e 0E       		.uleb128 0xe
 1138 004f 3A       		.uleb128 0x3a
 1139 0050 0B       		.uleb128 0xb
 1140 0051 3B       		.uleb128 0x3b
 1141 0052 0B       		.uleb128 0xb
 1142 0053 49       		.uleb128 0x49
 1143 0054 13       		.uleb128 0x13
 1144 0055 38       		.uleb128 0x38
 1145 0056 0B       		.uleb128 0xb
 1146 0057 00       		.byte	0
 1147 0058 00       		.byte	0
 1148 0059 08       		.uleb128 0x8
 1149 005a 16       		.uleb128 0x16
 1150 005b 00       		.byte	0
 1151 005c 03       		.uleb128 0x3
 1152 005d 0E       		.uleb128 0xe
 1153 005e 3A       		.uleb128 0x3a
 1154 005f 0B       		.uleb128 0xb
 1155 0060 3B       		.uleb128 0x3b
 1156 0061 05       		.uleb128 0x5
 1157 0062 49       		.uleb128 0x49
 1158 0063 13       		.uleb128 0x13
 1159 0064 00       		.byte	0
 1160 0065 00       		.byte	0
 1161 0066 09       		.uleb128 0x9
 1162 0067 0F       		.uleb128 0xf
 1163 0068 00       		.byte	0
 1164 0069 0B       		.uleb128 0xb
 1165 006a 0B       		.uleb128 0xb
 1166 006b 00       		.byte	0
 1167 006c 00       		.byte	0
 1168 006d 0A       		.uleb128 0xa
 1169 006e 0F       		.uleb128 0xf
 1170 006f 00       		.byte	0
 1171 0070 0B       		.uleb128 0xb
 1172 0071 0B       		.uleb128 0xb
 1173 0072 49       		.uleb128 0x49
 1174 0073 13       		.uleb128 0x13
 1175 0074 00       		.byte	0
 1176 0075 00       		.byte	0
 1177 0076 0B       		.uleb128 0xb
 1178 0077 15       		.uleb128 0x15
 1179 0078 01       		.byte	0x1
 1180 0079 27       		.uleb128 0x27
 1181 007a 19       		.uleb128 0x19
ARM GAS  C:\Users\ailen\AppData\Local\Temp\ccTHCxHB.s 			page 23


 1182 007b 01       		.uleb128 0x1
 1183 007c 13       		.uleb128 0x13
 1184 007d 00       		.byte	0
 1185 007e 00       		.byte	0
 1186 007f 0C       		.uleb128 0xc
 1187 0080 05       		.uleb128 0x5
 1188 0081 00       		.byte	0
 1189 0082 49       		.uleb128 0x49
 1190 0083 13       		.uleb128 0x13
 1191 0084 00       		.byte	0
 1192 0085 00       		.byte	0
 1193 0086 0D       		.uleb128 0xd
 1194 0087 13       		.uleb128 0x13
 1195 0088 01       		.byte	0x1
 1196 0089 03       		.uleb128 0x3
 1197 008a 0E       		.uleb128 0xe
 1198 008b 0B       		.uleb128 0xb
 1199 008c 0B       		.uleb128 0xb
 1200 008d 3A       		.uleb128 0x3a
 1201 008e 0B       		.uleb128 0xb
 1202 008f 3B       		.uleb128 0x3b
 1203 0090 05       		.uleb128 0x5
 1204 0091 01       		.uleb128 0x1
 1205 0092 13       		.uleb128 0x13
 1206 0093 00       		.byte	0
 1207 0094 00       		.byte	0
 1208 0095 0E       		.uleb128 0xe
 1209 0096 0D       		.uleb128 0xd
 1210 0097 00       		.byte	0
 1211 0098 03       		.uleb128 0x3
 1212 0099 0E       		.uleb128 0xe
 1213 009a 3A       		.uleb128 0x3a
 1214 009b 0B       		.uleb128 0xb
 1215 009c 3B       		.uleb128 0x3b
 1216 009d 05       		.uleb128 0x5
 1217 009e 49       		.uleb128 0x49
 1218 009f 13       		.uleb128 0x13
 1219 00a0 38       		.uleb128 0x38
 1220 00a1 0B       		.uleb128 0xb
 1221 00a2 00       		.byte	0
 1222 00a3 00       		.byte	0
 1223 00a4 0F       		.uleb128 0xf
 1224 00a5 13       		.uleb128 0x13
 1225 00a6 01       		.byte	0x1
 1226 00a7 03       		.uleb128 0x3
 1227 00a8 0E       		.uleb128 0xe
 1228 00a9 0B       		.uleb128 0xb
 1229 00aa 0B       		.uleb128 0xb
 1230 00ab 3A       		.uleb128 0x3a
 1231 00ac 0B       		.uleb128 0xb
 1232 00ad 3B       		.uleb128 0x3b
 1233 00ae 0B       		.uleb128 0xb
 1234 00af 01       		.uleb128 0x1
 1235 00b0 13       		.uleb128 0x13
 1236 00b1 00       		.byte	0
 1237 00b2 00       		.byte	0
 1238 00b3 10       		.uleb128 0x10
ARM GAS  C:\Users\ailen\AppData\Local\Temp\ccTHCxHB.s 			page 24


 1239 00b4 2E       		.uleb128 0x2e
 1240 00b5 00       		.byte	0
 1241 00b6 3F       		.uleb128 0x3f
 1242 00b7 19       		.uleb128 0x19
 1243 00b8 03       		.uleb128 0x3
 1244 00b9 0E       		.uleb128 0xe
 1245 00ba 3A       		.uleb128 0x3a
 1246 00bb 0B       		.uleb128 0xb
 1247 00bc 3B       		.uleb128 0x3b
 1248 00bd 0B       		.uleb128 0xb
 1249 00be 11       		.uleb128 0x11
 1250 00bf 01       		.uleb128 0x1
 1251 00c0 12       		.uleb128 0x12
 1252 00c1 06       		.uleb128 0x6
 1253 00c2 40       		.uleb128 0x40
 1254 00c3 18       		.uleb128 0x18
 1255 00c4 9742     		.uleb128 0x2117
 1256 00c6 19       		.uleb128 0x19
 1257 00c7 00       		.byte	0
 1258 00c8 00       		.byte	0
 1259 00c9 11       		.uleb128 0x11
 1260 00ca 34       		.uleb128 0x34
 1261 00cb 00       		.byte	0
 1262 00cc 03       		.uleb128 0x3
 1263 00cd 0E       		.uleb128 0xe
 1264 00ce 3A       		.uleb128 0x3a
 1265 00cf 0B       		.uleb128 0xb
 1266 00d0 3B       		.uleb128 0x3b
 1267 00d1 0B       		.uleb128 0xb
 1268 00d2 49       		.uleb128 0x49
 1269 00d3 13       		.uleb128 0x13
 1270 00d4 3F       		.uleb128 0x3f
 1271 00d5 19       		.uleb128 0x19
 1272 00d6 3C       		.uleb128 0x3c
 1273 00d7 19       		.uleb128 0x19
 1274 00d8 00       		.byte	0
 1275 00d9 00       		.byte	0
 1276 00da 12       		.uleb128 0x12
 1277 00db 26       		.uleb128 0x26
 1278 00dc 00       		.byte	0
 1279 00dd 49       		.uleb128 0x49
 1280 00de 13       		.uleb128 0x13
 1281 00df 00       		.byte	0
 1282 00e0 00       		.byte	0
 1283 00e1 13       		.uleb128 0x13
 1284 00e2 34       		.uleb128 0x34
 1285 00e3 00       		.byte	0
 1286 00e4 03       		.uleb128 0x3
 1287 00e5 0E       		.uleb128 0xe
 1288 00e6 3A       		.uleb128 0x3a
 1289 00e7 0B       		.uleb128 0xb
 1290 00e8 3B       		.uleb128 0x3b
 1291 00e9 0B       		.uleb128 0xb
 1292 00ea 49       		.uleb128 0x49
 1293 00eb 13       		.uleb128 0x13
 1294 00ec 3F       		.uleb128 0x3f
 1295 00ed 19       		.uleb128 0x19
ARM GAS  C:\Users\ailen\AppData\Local\Temp\ccTHCxHB.s 			page 25


 1296 00ee 02       		.uleb128 0x2
 1297 00ef 18       		.uleb128 0x18
 1298 00f0 00       		.byte	0
 1299 00f1 00       		.byte	0
 1300 00f2 00       		.byte	0
 1301              		.section	.debug_aranges,"",%progbits
 1302 0000 24000000 		.4byte	0x24
 1303 0004 0200     		.2byte	0x2
 1304 0006 00000000 		.4byte	.Ldebug_info0
 1305 000a 04       		.byte	0x4
 1306 000b 00       		.byte	0
 1307 000c 0000     		.2byte	0
 1308 000e 0000     		.2byte	0
 1309 0010 00000000 		.4byte	.LFB483
 1310 0014 02000000 		.4byte	.LFE483-.LFB483
 1311 0018 00000000 		.4byte	.LFB484
 1312 001c 02000000 		.4byte	.LFE484-.LFB484
 1313 0020 00000000 		.4byte	0
 1314 0024 00000000 		.4byte	0
 1315              		.section	.debug_ranges,"",%progbits
 1316              	.Ldebug_ranges0:
 1317 0000 00000000 		.4byte	.LFB483
 1318 0004 02000000 		.4byte	.LFE483
 1319 0008 00000000 		.4byte	.LFB484
 1320 000c 02000000 		.4byte	.LFE484
 1321 0010 00000000 		.4byte	0
 1322 0014 00000000 		.4byte	0
 1323              		.section	.debug_line,"",%progbits
 1324              	.Ldebug_line0:
 1325 0000 ED020000 		.section	.debug_str,"MS",%progbits,1
 1325      0200C502 
 1325      00000201 
 1325      FB0E0D00 
 1325      01010101 
 1326              	.LASF54:
 1327 0000 70726F74 		.ascii	"protBusMasterMask\000"
 1327      4275734D 
 1327      61737465 
 1327      724D6173 
 1327      6B00
 1328              	.LASF133:
 1329 0012 72756E4D 		.ascii	"runMode\000"
 1329      6F646500 
 1330              	.LASF119:
 1331 001a 72784275 		.ascii	"rxBufSize\000"
 1331      6653697A 
 1331      6500
 1332              	.LASF64:
 1333 0024 666C6173 		.ascii	"flashCtlMainWs3Freq\000"
 1333      6843746C 
 1333      4D61696E 
 1333      57733346 
 1333      72657100 
 1334              	.LASF86:
 1335 0038 6770696F 		.ascii	"gpioPrtCfgInOffset\000"
 1335      50727443 
 1335      6667496E 
ARM GAS  C:\Users\ailen\AppData\Local\Temp\ccTHCxHB.s 			page 26


 1335      4F666673 
 1335      657400
 1336              	.LASF151:
 1337 004b 6B696C6C 		.ascii	"killInput\000"
 1337      496E7075 
 1337      7400
 1338              	.LASF104:
 1339 0055 6970634C 		.ascii	"ipcLockStatusOffset\000"
 1339      6F636B53 
 1339      74617475 
 1339      734F6666 
 1339      73657400 
 1340              	.LASF30:
 1341 0069 63727970 		.ascii	"cryptoVersion\000"
 1341      746F5665 
 1341      7273696F 
 1341      6E00
 1342              	.LASF48:
 1343 0077 70657269 		.ascii	"periClockNr\000"
 1343      436C6F63 
 1343      6B4E7200 
 1344              	.LASF26:
 1345 0083 70617373 		.ascii	"passBase\000"
 1345      42617365 
 1345      00
 1346              	.LASF102:
 1347 008c 63707573 		.ascii	"cpussRam2Ctl0\000"
 1347      7352616D 
 1347      3243746C 
 1347      3000
 1348              	.LASF39:
 1349 009a 63707573 		.ascii	"cpussIpcIrqNr\000"
 1349      73497063 
 1349      4972714E 
 1349      7200
 1350              	.LASF2:
 1351 00a8 5F5F7569 		.ascii	"__uint8_t\000"
 1351      6E74385F 
 1351      7400
 1352              	.LASF41:
 1353 00b2 63707573 		.ascii	"cpussFlashPaSize\000"
 1353      73466C61 
 1353      73685061 
 1353      53697A65 
 1353      00
 1354              	.LASF90:
 1355 00c3 63707573 		.ascii	"cpussCm4ClockCtlOffset\000"
 1355      73436D34 
 1355      436C6F63 
 1355      6B43746C 
 1355      4F666673 
 1356              	.LASF19:
 1357 00da 63707573 		.ascii	"cpussBase\000"
 1357      73426173 
 1357      6500
 1358              	.LASF107:
 1359 00e4 666C6F61 		.ascii	"float\000"
ARM GAS  C:\Users\ailen\AppData\Local\Temp\ccTHCxHB.s 			page 27


 1359      7400
 1360              	.LASF68:
 1361 00ea 64774368 		.ascii	"dwChCtlPrioPos\000"
 1361      43746C50 
 1361      72696F50 
 1361      6F7300
 1362              	.LASF11:
 1363 00f9 6C6F6E67 		.ascii	"long long unsigned int\000"
 1363      206C6F6E 
 1363      6720756E 
 1363      7369676E 
 1363      65642069 
 1364              	.LASF130:
 1365 0110 636C6F63 		.ascii	"clockPrescaler\000"
 1365      6B507265 
 1365      7363616C 
 1365      657200
 1366              	.LASF72:
 1367 011f 70657269 		.ascii	"periTrCmdOffset\000"
 1367      5472436D 
 1367      644F6666 
 1367      73657400 
 1368              	.LASF114:
 1369 012f 72785269 		.ascii	"rxRingBuf\000"
 1369      6E674275 
 1369      6600
 1370              	.LASF96:
 1371 0139 63707573 		.ascii	"cpussSysTickCtlOffset\000"
 1371      73537973 
 1371      5469636B 
 1371      43746C4F 
 1371      66667365 
 1372              	.LASF121:
 1373 014f 74784275 		.ascii	"txBuf\000"
 1373      6600
 1374              	.LASF57:
 1375 0155 666C6173 		.ascii	"flashPipeRequired\000"
 1375      68506970 
 1375      65526571 
 1375      75697265 
 1375      6400
 1376              	.LASF61:
 1377 0167 666C6173 		.ascii	"flashCtlMainWs0Freq\000"
 1377      6843746C 
 1377      4D61696E 
 1377      57733046 
 1377      72657100 
 1378              	.LASF14:
 1379 017b 696E7431 		.ascii	"int16_t\000"
 1379      365F7400 
 1380              	.LASF10:
 1381 0183 6C6F6E67 		.ascii	"long long int\000"
 1381      206C6F6E 
 1381      6720696E 
 1381      7400
 1382              	.LASF0:
 1383 0191 7369676E 		.ascii	"signed char\000"
ARM GAS  C:\Users\ailen\AppData\Local\Temp\ccTHCxHB.s 			page 28


 1383      65642063 
 1383      68617200 
 1384              	.LASF77:
 1385 019d 70657269 		.ascii	"periDivCmdTypeSelPos\000"
 1385      44697643 
 1385      6D645479 
 1385      70655365 
 1385      6C506F73 
 1386              	.LASF123:
 1387 01b2 74784C65 		.ascii	"txLeftToTransmit\000"
 1387      6674546F 
 1387      5472616E 
 1387      736D6974 
 1387      00
 1388              	.LASF94:
 1389 01c3 63707573 		.ascii	"cpussTrimRamCtlOffset\000"
 1389      73547269 
 1389      6D52616D 
 1389      43746C4F 
 1389      66667365 
 1390              	.LASF35:
 1391 01d9 69706356 		.ascii	"ipcVersion\000"
 1391      65727369 
 1391      6F6E00
 1392              	.LASF97:
 1393 01e4 63707573 		.ascii	"cpussCm0NmiCtlOffset\000"
 1393      73436D30 
 1393      4E6D6943 
 1393      746C4F66 
 1393      66736574 
 1394              	.LASF45:
 1395 01f9 73727373 		.ascii	"srssNumClkpath\000"
 1395      4E756D43 
 1395      6C6B7061 
 1395      746800
 1396              	.LASF24:
 1397 0208 6873696F 		.ascii	"hsiomBase\000"
 1397      6D426173 
 1397      6500
 1398              	.LASF128:
 1399 0212 63795F73 		.ascii	"cy_stc_tcpwm_pwm_config\000"
 1399      74635F74 
 1399      6370776D 
 1399      5F70776D 
 1399      5F636F6E 
 1400              	.LASF7:
 1401 022a 6C6F6E67 		.ascii	"long int\000"
 1401      20696E74 
 1401      00
 1402              	.LASF159:
 1403 0233 44454255 		.ascii	"DEBUG_UART_context\000"
 1403      475F5541 
 1403      52545F63 
 1403      6F6E7465 
 1403      787400
 1404              	.LASF55:
 1405 0246 63727970 		.ascii	"cryptoMemSize\000"
ARM GAS  C:\Users\ailen\AppData\Local\Temp\ccTHCxHB.s 			page 29


 1405      746F4D65 
 1405      6D53697A 
 1405      6500
 1406              	.LASF155:
 1407 0254 5461736B 		.ascii	"TaskHandle_t\000"
 1407      48616E64 
 1407      6C655F74 
 1407      00
 1408              	.LASF21:
 1409 0261 70657269 		.ascii	"periBase\000"
 1409      42617365 
 1409      00
 1410              	.LASF109:
 1411 026a 75696E74 		.ascii	"uint8\000"
 1411      3800
 1412              	.LASF53:
 1413 0270 73797350 		.ascii	"sysPmSimoPresent\000"
 1413      6D53696D 
 1413      6F507265 
 1413      73656E74 
 1413      00
 1414              	.LASF15:
 1415 0281 75696E74 		.ascii	"uint16_t\000"
 1415      31365F74 
 1415      00
 1416              	.LASF108:
 1417 028a 646F7562 		.ascii	"double\000"
 1417      6C6500
 1418              	.LASF82:
 1419 0291 70657269 		.ascii	"periDiv16_5CtlOffset\000"
 1419      44697631 
 1419      365F3543 
 1419      746C4F66 
 1419      66736574 
 1420              	.LASF46:
 1421 02a6 73727373 		.ascii	"srssNumPll\000"
 1421      4E756D50 
 1421      6C6C00
 1422              	.LASF80:
 1423 02b1 70657269 		.ascii	"periDiv8CtlOffset\000"
 1423      44697638 
 1423      43746C4F 
 1423      66667365 
 1423      7400
 1424              	.LASF87:
 1425 02c3 6770696F 		.ascii	"gpioPrtCfgOutOffset\000"
 1425      50727443 
 1425      66674F75 
 1425      744F6666 
 1425      73657400 
 1426              	.LASF20:
 1427 02d7 666C6173 		.ascii	"flashcBase\000"
 1427      68634261 
 1427      736500
 1428              	.LASF8:
 1429 02e2 5F5F7569 		.ascii	"__uint32_t\000"
 1429      6E743332 
ARM GAS  C:\Users\ailen\AppData\Local\Temp\ccTHCxHB.s 			page 30


 1429      5F7400
 1430              	.LASF50:
 1431 02ed 70617373 		.ascii	"passSarChannels\000"
 1431      53617243 
 1431      68616E6E 
 1431      656C7300 
 1432              	.LASF3:
 1433 02fd 5F5F696E 		.ascii	"__int16_t\000"
 1433      7431365F 
 1433      7400
 1434              	.LASF120:
 1435 0307 72784275 		.ascii	"rxBufIdx\000"
 1435      66496478 
 1435      00
 1436              	.LASF93:
 1437 0310 63707573 		.ascii	"cpussCm4PwrCtlOffset\000"
 1437      73436D34 
 1437      50777243 
 1437      746C4F66 
 1437      66736574 
 1438              	.LASF122:
 1439 0325 74784275 		.ascii	"txBufSize\000"
 1439      6653697A 
 1439      6500
 1440              	.LASF88:
 1441 032f 6770696F 		.ascii	"gpioPrtCfgSioOffset\000"
 1441      50727443 
 1441      66675369 
 1441      6F4F6666 
 1441      73657400 
 1442              	.LASF92:
 1443 0343 63707573 		.ascii	"cpussCm0StatusOffset\000"
 1443      73436D30 
 1443      53746174 
 1443      75734F66 
 1443      66736574 
 1444              	.LASF12:
 1445 0358 756E7369 		.ascii	"unsigned int\000"
 1445      676E6564 
 1445      20696E74 
 1445      00
 1446              	.LASF115:
 1447 0365 72785269 		.ascii	"rxRingBufSize\000"
 1447      6E674275 
 1447      6653697A 
 1447      6500
 1448              	.LASF73:
 1449 0373 70657269 		.ascii	"periTrCmdGrSelMsk\000"
 1449      5472436D 
 1449      64477253 
 1449      656C4D73 
 1449      6B00
 1450              	.LASF9:
 1451 0385 6C6F6E67 		.ascii	"long unsigned int\000"
 1451      20756E73 
 1451      69676E65 
 1451      6420696E 
ARM GAS  C:\Users\ailen\AppData\Local\Temp\ccTHCxHB.s 			page 31


 1451      7400
 1452              	.LASF111:
 1453 0397 63795F63 		.ascii	"cy_cb_scb_uart_handle_events_t\000"
 1453      625F7363 
 1453      625F7561 
 1453      72745F68 
 1453      616E646C 
 1454              	.LASF38:
 1455 03b6 63707573 		.ascii	"cpussIpcNr\000"
 1455      73497063 
 1455      4E7200
 1456              	.LASF40:
 1457 03c1 63707573 		.ascii	"cpussDwChNr\000"
 1457      73447743 
 1457      684E7200 
 1458              	.LASF63:
 1459 03cd 666C6173 		.ascii	"flashCtlMainWs2Freq\000"
 1459      6843746C 
 1459      4D61696E 
 1459      57733246 
 1459      72657100 
 1460              	.LASF144:
 1461 03e1 73776170 		.ascii	"swapInputMode\000"
 1461      496E7075 
 1461      744D6F64 
 1461      6500
 1462              	.LASF164:
 1463 03ef 63617073 		.ascii	"capsense_callback.c\000"
 1463      656E7365 
 1463      5F63616C 
 1463      6C626163 
 1463      6B2E6300 
 1464              	.LASF101:
 1465 0403 63707573 		.ascii	"cpussRam1Ctl0\000"
 1465      7352616D 
 1465      3143746C 
 1465      3000
 1466              	.LASF150:
 1467 0411 6B696C6C 		.ascii	"killInputMode\000"
 1467      496E7075 
 1467      744D6F64 
 1467      6500
 1468              	.LASF124:
 1469 041f 63624576 		.ascii	"cbEvents\000"
 1469      656E7473 
 1469      00
 1470              	.LASF85:
 1471 0428 6770696F 		.ascii	"gpioPrtCfgOffset\000"
 1471      50727443 
 1471      66674F66 
 1471      66736574 
 1471      00
 1472              	.LASF33:
 1473 0439 6770696F 		.ascii	"gpioVersion\000"
 1473      56657273 
 1473      696F6E00 
 1474              	.LASF105:
ARM GAS  C:\Users\ailen\AppData\Local\Temp\ccTHCxHB.s 			page 32


 1475 0445 63795F73 		.ascii	"cy_stc_device_t\000"
 1475      74635F64 
 1475      65766963 
 1475      655F7400 
 1476              	.LASF4:
 1477 0455 73686F72 		.ascii	"short int\000"
 1477      7420696E 
 1477      7400
 1478              	.LASF141:
 1479 045f 696E7665 		.ascii	"invertPWMOut\000"
 1479      72745057 
 1479      4D4F7574 
 1479      00
 1480              	.LASF132:
 1481 046c 64656164 		.ascii	"deadTimeClocks\000"
 1481      54696D65 
 1481      436C6F63 
 1481      6B7300
 1482              	.LASF23:
 1483 047b 70726F74 		.ascii	"protBase\000"
 1483      42617365 
 1483      00
 1484              	.LASF152:
 1485 0484 636F756E 		.ascii	"countInputMode\000"
 1485      74496E70 
 1485      75744D6F 
 1485      646500
 1486              	.LASF89:
 1487 0493 63707573 		.ascii	"cpussCm0ClockCtlOffset\000"
 1487      73436D30 
 1487      436C6F63 
 1487      6B43746C 
 1487      4F666673 
 1488              	.LASF28:
 1489 04aa 63727970 		.ascii	"cryptoBase\000"
 1489      746F4261 
 1489      736500
 1490              	.LASF36:
 1491 04b5 70657269 		.ascii	"periVersion\000"
 1491      56657273 
 1491      696F6E00 
 1492              	.LASF18:
 1493 04c1 73697A65 		.ascii	"sizetype\000"
 1493      74797065 
 1493      00
 1494              	.LASF66:
 1495 04ca 64774368 		.ascii	"dwChOffset\000"
 1495      4F666673 
 1495      657400
 1496              	.LASF17:
 1497 04d5 6C6F6E67 		.ascii	"long double\000"
 1497      20646F75 
 1497      626C6500 
 1498              	.LASF79:
 1499 04e1 70657269 		.ascii	"periDivCmdPaTypeSelPos\000"
 1499      44697643 
 1499      6D645061 
ARM GAS  C:\Users\ailen\AppData\Local\Temp\ccTHCxHB.s 			page 33


 1499      54797065 
 1499      53656C50 
 1500              	.LASF51:
 1501 04f8 65704D6F 		.ascii	"epMonitorNr\000"
 1501      6E69746F 
 1501      724E7200 
 1502              	.LASF37:
 1503 0504 70726F74 		.ascii	"protVersion\000"
 1503      56657273 
 1503      696F6E00 
 1504              	.LASF70:
 1505 0510 64775374 		.ascii	"dwStatusChIdxPos\000"
 1505      61747573 
 1505      43684964 
 1505      78506F73 
 1505      00
 1506              	.LASF52:
 1507 0521 75646250 		.ascii	"udbPresent\000"
 1507      72657365 
 1507      6E7400
 1508              	.LASF113:
 1509 052c 72785374 		.ascii	"rxStatus\000"
 1509      61747573 
 1509      00
 1510              	.LASF32:
 1511 0535 666C6173 		.ascii	"flashcVersion\000"
 1511      68635665 
 1511      7273696F 
 1511      6E00
 1512              	.LASF49:
 1513 0543 736D6966 		.ascii	"smifDeviceNr\000"
 1513      44657669 
 1513      63654E72 
 1513      00
 1514              	.LASF129:
 1515 0550 70776D4D 		.ascii	"pwmMode\000"
 1515      6F646500 
 1516              	.LASF165:
 1517 0558 433A5C55 		.ascii	"C:\\Users\\ailen\\OneDrive\\Documents\\PSoC Creator"
 1517      73657273 
 1517      5C61696C 
 1517      656E5C4F 
 1517      6E654472 
 1518 0586 5C576F72 		.ascii	"\\Workspace01\\CapSenseDesign_freeRTOS.cydsn\000"
 1518      6B737061 
 1518      63653031 
 1518      5C436170 
 1518      53656E73 
 1519              	.LASF161:
 1520 05b1 43617073 		.ascii	"Capsense_initialized\000"
 1520      656E7365 
 1520      5F696E69 
 1520      7469616C 
 1520      697A6564 
 1521              	.LASF71:
 1522 05c6 64775374 		.ascii	"dwStatusChIdxMsk\000"
 1522      61747573 
ARM GAS  C:\Users\ailen\AppData\Local\Temp\ccTHCxHB.s 			page 34


 1522      43684964 
 1522      784D736B 
 1522      00
 1523              	.LASF74:
 1524 05d7 70657269 		.ascii	"periTrGrOffset\000"
 1524      54724772 
 1524      4F666673 
 1524      657400
 1525              	.LASF158:
 1526 05e6 63795F64 		.ascii	"cy_device\000"
 1526      65766963 
 1526      6500
 1527              	.LASF99:
 1528 05f0 63707573 		.ascii	"cpussRomCtl\000"
 1528      73526F6D 
 1528      43746C00 
 1529              	.LASF69:
 1530 05fc 64774368 		.ascii	"dwChCtlPreemptablePos\000"
 1530      43746C50 
 1530      7265656D 
 1530      70746162 
 1530      6C65506F 
 1531              	.LASF160:
 1532 0612 50574D5F 		.ascii	"PWM_Red_config\000"
 1532      5265645F 
 1532      636F6E66 
 1532      696700
 1533              	.LASF22:
 1534 0621 75646242 		.ascii	"udbBase\000"
 1534      61736500 
 1535              	.LASF148:
 1536 0629 73746172 		.ascii	"startInputMode\000"
 1536      74496E70 
 1536      75744D6F 
 1536      646500
 1537              	.LASF1:
 1538 0638 756E7369 		.ascii	"unsigned char\000"
 1538      676E6564 
 1538      20636861 
 1538      7200
 1539              	.LASF65:
 1540 0646 666C6173 		.ascii	"flashCtlMainWs4Freq\000"
 1540      6843746C 
 1540      4D61696E 
 1540      57733446 
 1540      72657100 
 1541              	.LASF83:
 1542 065a 70657269 		.ascii	"periDiv24_5CtlOffset\000"
 1542      44697632 
 1542      345F3543 
 1542      746C4F66 
 1542      66736574 
 1543              	.LASF139:
 1544 066f 656E6162 		.ascii	"enableCompareSwap\000"
 1544      6C65436F 
 1544      6D706172 
 1544      65537761 
ARM GAS  C:\Users\ailen\AppData\Local\Temp\ccTHCxHB.s 			page 35


 1544      7000
 1545              	.LASF100:
 1546 0681 63707573 		.ascii	"cpussRam0Ctl0\000"
 1546      7352616D 
 1546      3043746C 
 1546      3000
 1547              	.LASF131:
 1548 068f 70776D41 		.ascii	"pwmAlignment\000"
 1548      6C69676E 
 1548      6D656E74 
 1548      00
 1549              	.LASF76:
 1550 069c 70657269 		.ascii	"periDivCmdDivSelMsk\000"
 1550      44697643 
 1550      6D644469 
 1550      7653656C 
 1550      4D736B00 
 1551              	.LASF136:
 1552 06b0 656E6162 		.ascii	"enablePeriodSwap\000"
 1552      6C655065 
 1552      72696F64 
 1552      53776170 
 1552      00
 1553              	.LASF145:
 1554 06c1 73776170 		.ascii	"swapInput\000"
 1554      496E7075 
 1554      7400
 1555              	.LASF43:
 1556 06cb 63707573 		.ascii	"cpussFmIrq\000"
 1556      73466D49 
 1556      727100
 1557              	.LASF60:
 1558 06d6 666C6173 		.ascii	"flashEraseDelay\000"
 1558      68457261 
 1558      73654465 
 1558      6C617900 
 1559              	.LASF157:
 1560 06e6 43617053 		.ascii	"CapSense_ExitCallback\000"
 1560      656E7365 
 1560      5F457869 
 1560      7443616C 
 1560      6C626163 
 1561              	.LASF75:
 1562 06fc 70657269 		.ascii	"periTrGrSize\000"
 1562      54724772 
 1562      53697A65 
 1562      00
 1563              	.LASF98:
 1564 0709 63707573 		.ascii	"cpussCm4NmiCtlOffset\000"
 1564      73436D34 
 1564      4E6D6943 
 1564      746C4F66 
 1564      66736574 
 1565              	.LASF163:
 1566 071e 474E5520 		.ascii	"GNU C11 5.4.1 20160609 (release) [ARM/embedded-5-br"
 1566      43313120 
 1566      352E342E 
ARM GAS  C:\Users\ailen\AppData\Local\Temp\ccTHCxHB.s 			page 36


 1566      31203230 
 1566      31363036 
 1567 0751 616E6368 		.ascii	"anch revision 237715] -mcpu=cortex-m0plus -mthumb -"
 1567      20726576 
 1567      6973696F 
 1567      6E203233 
 1567      37373135 
 1568 0784 67202D4F 		.ascii	"g -Og -ffunction-sections -ffat-lto-objects\000"
 1568      67202D66 
 1568      66756E63 
 1568      74696F6E 
 1568      2D736563 
 1569              	.LASF137:
 1570 07b0 636F6D70 		.ascii	"compare0\000"
 1570      61726530 
 1570      00
 1571              	.LASF138:
 1572 07b9 636F6D70 		.ascii	"compare1\000"
 1572      61726531 
 1572      00
 1573              	.LASF153:
 1574 07c2 636F756E 		.ascii	"countInput\000"
 1574      74496E70 
 1574      757400
 1575              	.LASF106:
 1576 07cd 63686172 		.ascii	"char\000"
 1576      00
 1577              	.LASF62:
 1578 07d2 666C6173 		.ascii	"flashCtlMainWs1Freq\000"
 1578      6843746C 
 1578      4D61696E 
 1578      57733146 
 1578      72657100 
 1579              	.LASF5:
 1580 07e6 5F5F7569 		.ascii	"__uint16_t\000"
 1580      6E743136 
 1580      5F7400
 1581              	.LASF81:
 1582 07f1 70657269 		.ascii	"periDiv16CtlOffset\000"
 1582      44697631 
 1582      3643746C 
 1582      4F666673 
 1582      657400
 1583              	.LASF34:
 1584 0804 6873696F 		.ascii	"hsiomVersion\000"
 1584      6D566572 
 1584      73696F6E 
 1584      00
 1585              	.LASF59:
 1586 0811 666C6173 		.ascii	"flashProgramDelay\000"
 1586      6850726F 
 1586      6772616D 
 1586      44656C61 
 1586      7900
 1587              	.LASF116:
 1588 0823 72785269 		.ascii	"rxRingBufHead\000"
 1588      6E674275 
ARM GAS  C:\Users\ailen\AppData\Local\Temp\ccTHCxHB.s 			page 37


 1588      66486561 
 1588      6400
 1589              	.LASF140:
 1590 0831 696E7465 		.ascii	"interruptSources\000"
 1590      72727570 
 1590      74536F75 
 1590      72636573 
 1590      00
 1591              	.LASF147:
 1592 0842 72656C6F 		.ascii	"reloadInput\000"
 1592      6164496E 
 1592      70757400 
 1593              	.LASF6:
 1594 084e 73686F72 		.ascii	"short unsigned int\000"
 1594      7420756E 
 1594      7369676E 
 1594      65642069 
 1594      6E7400
 1595              	.LASF67:
 1596 0861 64774368 		.ascii	"dwChSize\000"
 1596      53697A65 
 1596      00
 1597              	.LASF103:
 1598 086a 69706353 		.ascii	"ipcStructSize\000"
 1598      74727563 
 1598      7453697A 
 1598      6500
 1599              	.LASF42:
 1600 0878 63707573 		.ascii	"cpussIpc0Irq\000"
 1600      73497063 
 1600      30497271 
 1600      00
 1601              	.LASF134:
 1602 0885 70657269 		.ascii	"period0\000"
 1602      6F643000 
 1603              	.LASF135:
 1604 088d 70657269 		.ascii	"period1\000"
 1604      6F643100 
 1605              	.LASF25:
 1606 0895 6770696F 		.ascii	"gpioBase\000"
 1606      42617365 
 1606      00
 1607              	.LASF125:
 1608 089e 696E6974 		.ascii	"initKey\000"
 1608      4B657900 
 1609              	.LASF118:
 1610 08a6 72784275 		.ascii	"rxBuf\000"
 1610      6600
 1611              	.LASF16:
 1612 08ac 75696E74 		.ascii	"uint32_t\000"
 1612      33325F74 
 1612      00
 1613              	.LASF126:
 1614 08b5 63795F73 		.ascii	"cy_stc_scb_uart_context_t\000"
 1614      74635F73 
 1614      63625F75 
 1614      6172745F 
ARM GAS  C:\Users\ailen\AppData\Local\Temp\ccTHCxHB.s 			page 38


 1614      636F6E74 
 1615              	.LASF47:
 1616 08cf 73727373 		.ascii	"srssNumHfroot\000"
 1616      4E756D48 
 1616      66726F6F 
 1616      7400
 1617              	.LASF44:
 1618 08dd 63707573 		.ascii	"cpussNotConnectedIrq\000"
 1618      734E6F74 
 1618      436F6E6E 
 1618      65637465 
 1618      64497271 
 1619              	.LASF142:
 1620 08f2 696E7665 		.ascii	"invertPWMOutN\000"
 1620      72745057 
 1620      4D4F7574 
 1620      4E00
 1621              	.LASF58:
 1622 0900 666C6173 		.ascii	"flashWriteDelay\000"
 1622      68577269 
 1622      74654465 
 1622      6C617900 
 1623              	.LASF13:
 1624 0910 75696E74 		.ascii	"uint8_t\000"
 1624      385F7400 
 1625              	.LASF143:
 1626 0918 6B696C6C 		.ascii	"killMode\000"
 1626      4D6F6465 
 1626      00
 1627              	.LASF91:
 1628 0921 63707573 		.ascii	"cpussCm4StatusOffset\000"
 1628      73436D34 
 1628      53746174 
 1628      75734F66 
 1628      66736574 
 1629              	.LASF84:
 1630 0936 6770696F 		.ascii	"gpioPrtIntrCfgOffset\000"
 1630      50727449 
 1630      6E747243 
 1630      66674F66 
 1630      66736574 
 1631              	.LASF154:
 1632 094b 63795F73 		.ascii	"cy_stc_tcpwm_pwm_config_t\000"
 1632      74635F74 
 1632      6370776D 
 1632      5F70776D 
 1632      5F636F6E 
 1633              	.LASF146:
 1634 0965 72656C6F 		.ascii	"reloadInputMode\000"
 1634      6164496E 
 1634      7075744D 
 1634      6F646500 
 1635              	.LASF117:
 1636 0975 72785269 		.ascii	"rxRingBufTail\000"
 1636      6E674275 
 1636      66546169 
 1636      6C00
ARM GAS  C:\Users\ailen\AppData\Local\Temp\ccTHCxHB.s 			page 39


 1637              	.LASF95:
 1638 0983 63707573 		.ascii	"cpussTrimRomCtlOffset\000"
 1638      73547269 
 1638      6D526F6D 
 1638      43746C4F 
 1638      66667365 
 1639              	.LASF112:
 1640 0999 74785374 		.ascii	"txStatus\000"
 1640      61747573 
 1640      00
 1641              	.LASF31:
 1642 09a2 64775665 		.ascii	"dwVersion\000"
 1642      7273696F 
 1642      6E00
 1643              	.LASF27:
 1644 09ac 69706342 		.ascii	"ipcBase\000"
 1644      61736500 
 1645              	.LASF162:
 1646 09b4 746F7563 		.ascii	"touchTaskHandle\000"
 1646      68546173 
 1646      6B48616E 
 1646      646C6500 
 1647              	.LASF78:
 1648 09c4 70657269 		.ascii	"periDivCmdPaDivSelPos\000"
 1648      44697643 
 1648      6D645061 
 1648      44697653 
 1648      656C506F 
 1649              	.LASF127:
 1650 09da 63795F73 		.ascii	"cy_stc_scb_uart_context\000"
 1650      74635F73 
 1650      63625F75 
 1650      6172745F 
 1650      636F6E74 
 1651              	.LASF110:
 1652 09f2 5F426F6F 		.ascii	"_Bool\000"
 1652      6C00
 1653              	.LASF29:
 1654 09f8 63707573 		.ascii	"cpussVersion\000"
 1654      73566572 
 1654      73696F6E 
 1654      00
 1655              	.LASF56:
 1656 0a05 666C6173 		.ascii	"flashRwwRequired\000"
 1656      68527777 
 1656      52657175 
 1656      69726564 
 1656      00
 1657              	.LASF156:
 1658 0a16 43617053 		.ascii	"CapSense_EntryCallback\000"
 1658      656E7365 
 1658      5F456E74 
 1658      72794361 
 1658      6C6C6261 
 1659              	.LASF149:
 1660 0a2d 73746172 		.ascii	"startInput\000"
 1660      74496E70 
ARM GAS  C:\Users\ailen\AppData\Local\Temp\ccTHCxHB.s 			page 40


 1660      757400
 1661              		.ident	"GCC: (GNU Tools for ARM Embedded Processors) 5.4.1 20160609 (release) [ARM/embedded-5-bran
