ARM GAS  C:\Users\ailen\AppData\Local\Temp\ccYLCZ0A.s 			page 1


   1              		.syntax unified
   2              		.cpu cortex-m4
   3              		.eabi_attribute 27, 1
   4              		.fpu fpv4-sp-d16
   5              		.eabi_attribute 20, 1
   6              		.eabi_attribute 21, 1
   7              		.eabi_attribute 23, 3
   8              		.eabi_attribute 24, 1
   9              		.eabi_attribute 25, 1
  10              		.eabi_attribute 26, 1
  11              		.eabi_attribute 30, 1
  12              		.eabi_attribute 34, 1
  13              		.eabi_attribute 18, 4
  14              		.thumb
  15              		.syntax unified
  16              		.file	"uart_debug.c"
  17              		.text
  18              	.Ltext0:
  19              		.cfi_sections	.debug_frame
  20              	.Letext0:
  21              		.file 1 "c:\\program files (x86)\\cypress\\psoc creator\\4.4\\psoc creator\\import\\gnu\\arm\\5.4.
  22              		.file 2 "c:\\program files (x86)\\cypress\\psoc creator\\4.4\\psoc creator\\import\\gnu\\arm\\5.4.
  23              		.file 3 "Generated_Source\\PSoC6\\pdl\\drivers/peripheral/device/cy_device.h"
  24              		.file 4 "Generated_Source\\PSoC6\\pdl\\drivers/peripheral/scb/cy_scb_uart.h"
  25              		.file 5 "Generated_Source\\PSoC6\\pdl\\drivers/peripheral/tcpwm/cy_tcpwm_pwm.h"
  26              		.file 6 "Generated_Source\\PSoC6\\pdl\\rtos/FreeRTOS/10.0.1/Source/include/queue.h"
  27              		.file 7 "Generated_Source\\PSoC6\\pdl\\cmsis/include/core_cm4.h"
  28              		.file 8 "Generated_Source\\PSoC6/DEBUG_UART.h"
  29              		.file 9 "Generated_Source\\PSoC6/PWM_Red.h"
  30              		.file 10 "uart_debug.h"
  31              		.section	.debug_info,"",%progbits
  32              	.Ldebug_info0:
  33 0000 A4070000 		.4byte	0x7a4
  34 0004 0400     		.2byte	0x4
  35 0006 00000000 		.4byte	.Ldebug_abbrev0
  36 000a 04       		.byte	0x4
  37 000b 01       		.uleb128 0x1
  38 000c 4B070000 		.4byte	.LASF162
  39 0010 0C       		.byte	0xc
  40 0011 41020000 		.4byte	.LASF163
  41 0015 5B050000 		.4byte	.LASF164
  42 0019 00000000 		.4byte	.Ldebug_line0
  43 001d 02       		.uleb128 0x2
  44 001e 02       		.byte	0x2
  45 001f 05       		.byte	0x5
  46 0020 58040000 		.4byte	.LASF0
  47 0024 02       		.uleb128 0x2
  48 0025 01       		.byte	0x1
  49 0026 06       		.byte	0x6
  50 0027 9F010000 		.4byte	.LASF1
  51 002b 03       		.uleb128 0x3
  52 002c A8000000 		.4byte	.LASF3
  53 0030 01       		.byte	0x1
  54 0031 1D       		.byte	0x1d
  55 0032 36000000 		.4byte	0x36
  56 0036 02       		.uleb128 0x2
  57 0037 01       		.byte	0x1
ARM GAS  C:\Users\ailen\AppData\Local\Temp\ccYLCZ0A.s 			page 2


  58 0038 08       		.byte	0x8
  59 0039 1F060000 		.4byte	.LASF2
  60 003d 03       		.uleb128 0x3
  61 003e 05030000 		.4byte	.LASF4
  62 0042 01       		.byte	0x1
  63 0043 29       		.byte	0x29
  64 0044 1D000000 		.4byte	0x1d
  65 0048 03       		.uleb128 0x3
  66 0049 40070000 		.4byte	.LASF5
  67 004d 01       		.byte	0x1
  68 004e 2B       		.byte	0x2b
  69 004f 53000000 		.4byte	0x53
  70 0053 02       		.uleb128 0x2
  71 0054 02       		.byte	0x2
  72 0055 07       		.byte	0x7
  73 0056 73080000 		.4byte	.LASF6
  74 005a 03       		.uleb128 0x3
  75 005b 1F080000 		.4byte	.LASF7
  76 005f 01       		.byte	0x1
  77 0060 3F       		.byte	0x3f
  78 0061 65000000 		.4byte	0x65
  79 0065 02       		.uleb128 0x2
  80 0066 04       		.byte	0x4
  81 0067 05       		.byte	0x5
  82 0068 38020000 		.4byte	.LASF8
  83 006c 03       		.uleb128 0x3
  84 006d EA020000 		.4byte	.LASF9
  85 0071 01       		.byte	0x1
  86 0072 41       		.byte	0x41
  87 0073 77000000 		.4byte	0x77
  88 0077 02       		.uleb128 0x2
  89 0078 04       		.byte	0x4
  90 0079 07       		.byte	0x7
  91 007a 8D030000 		.4byte	.LASF10
  92 007e 02       		.uleb128 0x2
  93 007f 08       		.byte	0x8
  94 0080 05       		.byte	0x5
  95 0081 91010000 		.4byte	.LASF11
  96 0085 02       		.uleb128 0x2
  97 0086 08       		.byte	0x8
  98 0087 07       		.byte	0x7
  99 0088 F9000000 		.4byte	.LASF12
 100 008c 04       		.uleb128 0x4
 101 008d 04       		.byte	0x4
 102 008e 05       		.byte	0x5
 103 008f 696E7400 		.ascii	"int\000"
 104 0093 02       		.uleb128 0x2
 105 0094 04       		.byte	0x4
 106 0095 07       		.byte	0x7
 107 0096 60030000 		.4byte	.LASF13
 108 009a 03       		.uleb128 0x3
 109 009b 27090000 		.4byte	.LASF14
 110 009f 02       		.byte	0x2
 111 00a0 18       		.byte	0x18
 112 00a1 2B000000 		.4byte	0x2b
 113 00a5 03       		.uleb128 0x3
 114 00a6 89010000 		.4byte	.LASF15
ARM GAS  C:\Users\ailen\AppData\Local\Temp\ccYLCZ0A.s 			page 3


 115 00aa 02       		.byte	0x2
 116 00ab 20       		.byte	0x20
 117 00ac 3D000000 		.4byte	0x3d
 118 00b0 03       		.uleb128 0x3
 119 00b1 89020000 		.4byte	.LASF16
 120 00b5 02       		.byte	0x2
 121 00b6 24       		.byte	0x24
 122 00b7 48000000 		.4byte	0x48
 123 00bb 03       		.uleb128 0x3
 124 00bc 17060000 		.4byte	.LASF17
 125 00c0 02       		.byte	0x2
 126 00c1 2C       		.byte	0x2c
 127 00c2 5A000000 		.4byte	0x5a
 128 00c6 03       		.uleb128 0x3
 129 00c7 D1080000 		.4byte	.LASF18
 130 00cb 02       		.byte	0x2
 131 00cc 30       		.byte	0x30
 132 00cd 6C000000 		.4byte	0x6c
 133 00d1 02       		.uleb128 0x2
 134 00d2 04       		.byte	0x4
 135 00d3 07       		.byte	0x7
 136 00d4 C4040000 		.4byte	.LASF19
 137 00d8 05       		.uleb128 0x5
 138 00d9 C6000000 		.4byte	0xc6
 139 00dd 02       		.uleb128 0x2
 140 00de 08       		.byte	0x8
 141 00df 04       		.byte	0x4
 142 00e0 D8040000 		.4byte	.LASF20
 143 00e4 06       		.uleb128 0x6
 144 00e5 B8       		.byte	0xb8
 145 00e6 03       		.byte	0x3
 146 00e7 34       		.byte	0x34
 147 00e8 F5040000 		.4byte	0x4f5
 148 00ec 07       		.uleb128 0x7
 149 00ed DA000000 		.4byte	.LASF21
 150 00f1 03       		.byte	0x3
 151 00f2 37       		.byte	0x37
 152 00f3 C6000000 		.4byte	0xc6
 153 00f7 00       		.byte	0
 154 00f8 07       		.uleb128 0x7
 155 00f9 DF020000 		.4byte	.LASF22
 156 00fd 03       		.byte	0x3
 157 00fe 38       		.byte	0x38
 158 00ff C6000000 		.4byte	0xc6
 159 0103 04       		.byte	0x4
 160 0104 07       		.uleb128 0x7
 161 0105 6F020000 		.4byte	.LASF23
 162 0109 03       		.byte	0x3
 163 010a 39       		.byte	0x39
 164 010b C6000000 		.4byte	0xc6
 165 010f 08       		.byte	0x8
 166 0110 07       		.uleb128 0x7
 167 0111 00060000 		.4byte	.LASF24
 168 0115 03       		.byte	0x3
 169 0116 3A       		.byte	0x3a
 170 0117 C6000000 		.4byte	0xc6
 171 011b 0C       		.byte	0xc
ARM GAS  C:\Users\ailen\AppData\Local\Temp\ccYLCZ0A.s 			page 4


 172 011c 07       		.uleb128 0x7
 173 011d 7E040000 		.4byte	.LASF25
 174 0121 03       		.byte	0x3
 175 0122 3B       		.byte	0x3b
 176 0123 C6000000 		.4byte	0xc6
 177 0127 10       		.byte	0x10
 178 0128 07       		.uleb128 0x7
 179 0129 16020000 		.4byte	.LASF26
 180 012d 03       		.byte	0x3
 181 012e 3C       		.byte	0x3c
 182 012f C6000000 		.4byte	0xc6
 183 0133 14       		.byte	0x14
 184 0134 07       		.uleb128 0x7
 185 0135 BA080000 		.4byte	.LASF27
 186 0139 03       		.byte	0x3
 187 013a 3D       		.byte	0x3d
 188 013b C6000000 		.4byte	0xc6
 189 013f 18       		.byte	0x18
 190 0140 07       		.uleb128 0x7
 191 0141 83000000 		.4byte	.LASF28
 192 0145 03       		.byte	0x3
 193 0146 3E       		.byte	0x3e
 194 0147 C6000000 		.4byte	0xc6
 195 014b 1C       		.byte	0x1c
 196 014c 07       		.uleb128 0x7
 197 014d D1090000 		.4byte	.LASF29
 198 0151 03       		.byte	0x3
 199 0152 3F       		.byte	0x3f
 200 0153 C6000000 		.4byte	0xc6
 201 0157 20       		.byte	0x20
 202 0158 07       		.uleb128 0x7
 203 0159 AD040000 		.4byte	.LASF30
 204 015d 03       		.byte	0x3
 205 015e 40       		.byte	0x40
 206 015f C6000000 		.4byte	0xc6
 207 0163 24       		.byte	0x24
 208 0164 07       		.uleb128 0x7
 209 0165 0D0A0000 		.4byte	.LASF31
 210 0169 03       		.byte	0x3
 211 016a 43       		.byte	0x43
 212 016b 9A000000 		.4byte	0x9a
 213 016f 28       		.byte	0x28
 214 0170 07       		.uleb128 0x7
 215 0171 69000000 		.4byte	.LASF32
 216 0175 03       		.byte	0x3
 217 0176 44       		.byte	0x44
 218 0177 9A000000 		.4byte	0x9a
 219 017b 29       		.byte	0x29
 220 017c 07       		.uleb128 0x7
 221 017d C7090000 		.4byte	.LASF33
 222 0181 03       		.byte	0x3
 223 0182 45       		.byte	0x45
 224 0183 9A000000 		.4byte	0x9a
 225 0187 2A       		.byte	0x2a
 226 0188 07       		.uleb128 0x7
 227 0189 38050000 		.4byte	.LASF34
 228 018d 03       		.byte	0x3
ARM GAS  C:\Users\ailen\AppData\Local\Temp\ccYLCZ0A.s 			page 5


 229 018e 46       		.byte	0x46
 230 018f 9A000000 		.4byte	0x9a
 231 0193 2B       		.byte	0x2b
 232 0194 07       		.uleb128 0x7
 233 0195 3C040000 		.4byte	.LASF35
 234 0199 03       		.byte	0x3
 235 019a 47       		.byte	0x47
 236 019b 9A000000 		.4byte	0x9a
 237 019f 2C       		.byte	0x2c
 238 01a0 07       		.uleb128 0x7
 239 01a1 29080000 		.4byte	.LASF36
 240 01a5 03       		.byte	0x3
 241 01a6 48       		.byte	0x48
 242 01a7 9A000000 		.4byte	0x9a
 243 01ab 2D       		.byte	0x2d
 244 01ac 07       		.uleb128 0x7
 245 01ad E7010000 		.4byte	.LASF37
 246 01b1 03       		.byte	0x3
 247 01b2 49       		.byte	0x49
 248 01b3 9A000000 		.4byte	0x9a
 249 01b7 2E       		.byte	0x2e
 250 01b8 07       		.uleb128 0x7
 251 01b9 B8040000 		.4byte	.LASF38
 252 01bd 03       		.byte	0x3
 253 01be 4A       		.byte	0x4a
 254 01bf 9A000000 		.4byte	0x9a
 255 01c3 2F       		.byte	0x2f
 256 01c4 07       		.uleb128 0x7
 257 01c5 07050000 		.4byte	.LASF39
 258 01c9 03       		.byte	0x3
 259 01ca 4B       		.byte	0x4b
 260 01cb 9A000000 		.4byte	0x9a
 261 01cf 30       		.byte	0x30
 262 01d0 07       		.uleb128 0x7
 263 01d1 BE030000 		.4byte	.LASF40
 264 01d5 03       		.byte	0x3
 265 01d6 4E       		.byte	0x4e
 266 01d7 9A000000 		.4byte	0x9a
 267 01db 31       		.byte	0x31
 268 01dc 07       		.uleb128 0x7
 269 01dd 9A000000 		.4byte	.LASF41
 270 01e1 03       		.byte	0x3
 271 01e2 4F       		.byte	0x4f
 272 01e3 9A000000 		.4byte	0x9a
 273 01e7 32       		.byte	0x32
 274 01e8 07       		.uleb128 0x7
 275 01e9 C9030000 		.4byte	.LASF42
 276 01ed 03       		.byte	0x3
 277 01ee 50       		.byte	0x50
 278 01ef 9A000000 		.4byte	0x9a
 279 01f3 33       		.byte	0x33
 280 01f4 07       		.uleb128 0x7
 281 01f5 B2000000 		.4byte	.LASF43
 282 01f9 03       		.byte	0x3
 283 01fa 51       		.byte	0x51
 284 01fb 9A000000 		.4byte	0x9a
 285 01ff 34       		.byte	0x34
ARM GAS  C:\Users\ailen\AppData\Local\Temp\ccYLCZ0A.s 			page 6


 286 0200 07       		.uleb128 0x7
 287 0201 9D080000 		.4byte	.LASF44
 288 0205 03       		.byte	0x3
 289 0206 52       		.byte	0x52
 290 0207 A5000000 		.4byte	0xa5
 291 020b 36       		.byte	0x36
 292 020c 07       		.uleb128 0x7
 293 020d DD060000 		.4byte	.LASF45
 294 0211 03       		.byte	0x3
 295 0212 53       		.byte	0x53
 296 0213 A5000000 		.4byte	0xa5
 297 0217 38       		.byte	0x38
 298 0218 07       		.uleb128 0x7
 299 0219 F4080000 		.4byte	.LASF46
 300 021d 03       		.byte	0x3
 301 021e 54       		.byte	0x54
 302 021f A5000000 		.4byte	0xa5
 303 0223 3A       		.byte	0x3a
 304 0224 07       		.uleb128 0x7
 305 0225 07020000 		.4byte	.LASF47
 306 0229 03       		.byte	0x3
 307 022a 55       		.byte	0x55
 308 022b 9A000000 		.4byte	0x9a
 309 022f 3C       		.byte	0x3c
 310 0230 07       		.uleb128 0x7
 311 0231 AE020000 		.4byte	.LASF48
 312 0235 03       		.byte	0x3
 313 0236 56       		.byte	0x56
 314 0237 9A000000 		.4byte	0x9a
 315 023b 3D       		.byte	0x3d
 316 023c 07       		.uleb128 0x7
 317 023d BF060000 		.4byte	.LASF49
 318 0241 03       		.byte	0x3
 319 0242 57       		.byte	0x57
 320 0243 9A000000 		.4byte	0x9a
 321 0247 3E       		.byte	0x3e
 322 0248 07       		.uleb128 0x7
 323 0249 77000000 		.4byte	.LASF50
 324 024d 03       		.byte	0x3
 325 024e 58       		.byte	0x58
 326 024f 9A000000 		.4byte	0x9a
 327 0253 3F       		.byte	0x3f
 328 0254 07       		.uleb128 0x7
 329 0255 46050000 		.4byte	.LASF51
 330 0259 03       		.byte	0x3
 331 025a 59       		.byte	0x59
 332 025b 9A000000 		.4byte	0x9a
 333 025f 40       		.byte	0x40
 334 0260 07       		.uleb128 0x7
 335 0261 F5020000 		.4byte	.LASF52
 336 0265 03       		.byte	0x3
 337 0266 5A       		.byte	0x5a
 338 0267 9A000000 		.4byte	0x9a
 339 026b 41       		.byte	0x41
 340 026c 07       		.uleb128 0x7
 341 026d FB040000 		.4byte	.LASF53
 342 0271 03       		.byte	0x3
ARM GAS  C:\Users\ailen\AppData\Local\Temp\ccYLCZ0A.s 			page 7


 343 0272 5B       		.byte	0x5b
 344 0273 9A000000 		.4byte	0x9a
 345 0277 42       		.byte	0x42
 346 0278 07       		.uleb128 0x7
 347 0279 24050000 		.4byte	.LASF54
 348 027d 03       		.byte	0x3
 349 027e 5C       		.byte	0x5c
 350 027f 9A000000 		.4byte	0x9a
 351 0283 43       		.byte	0x43
 352 0284 07       		.uleb128 0x7
 353 0285 78020000 		.4byte	.LASF55
 354 0289 03       		.byte	0x3
 355 028a 5D       		.byte	0x5d
 356 028b 9A000000 		.4byte	0x9a
 357 028f 44       		.byte	0x44
 358 0290 07       		.uleb128 0x7
 359 0291 00000000 		.4byte	.LASF56
 360 0295 03       		.byte	0x3
 361 0296 5E       		.byte	0x5e
 362 0297 C6000000 		.4byte	0xc6
 363 029b 48       		.byte	0x48
 364 029c 07       		.uleb128 0x7
 365 029d 61020000 		.4byte	.LASF57
 366 02a1 03       		.byte	0x3
 367 02a2 5F       		.byte	0x5f
 368 02a3 C6000000 		.4byte	0xc6
 369 02a7 4C       		.byte	0x4c
 370 02a8 07       		.uleb128 0x7
 371 02a9 1A0A0000 		.4byte	.LASF58
 372 02ad 03       		.byte	0x3
 373 02ae 60       		.byte	0x60
 374 02af 9A000000 		.4byte	0x9a
 375 02b3 50       		.byte	0x50
 376 02b4 07       		.uleb128 0x7
 377 02b5 63010000 		.4byte	.LASF59
 378 02b9 03       		.byte	0x3
 379 02ba 61       		.byte	0x61
 380 02bb 9A000000 		.4byte	0x9a
 381 02bf 51       		.byte	0x51
 382 02c0 07       		.uleb128 0x7
 383 02c1 17090000 		.4byte	.LASF60
 384 02c5 03       		.byte	0x3
 385 02c6 62       		.byte	0x62
 386 02c7 9A000000 		.4byte	0x9a
 387 02cb 52       		.byte	0x52
 388 02cc 07       		.uleb128 0x7
 389 02cd 36080000 		.4byte	.LASF61
 390 02d1 03       		.byte	0x3
 391 02d2 63       		.byte	0x63
 392 02d3 9A000000 		.4byte	0x9a
 393 02d7 53       		.byte	0x53
 394 02d8 07       		.uleb128 0x7
 395 02d9 CD060000 		.4byte	.LASF62
 396 02dd 03       		.byte	0x3
 397 02de 64       		.byte	0x64
 398 02df 9A000000 		.4byte	0x9a
 399 02e3 54       		.byte	0x54
ARM GAS  C:\Users\ailen\AppData\Local\Temp\ccYLCZ0A.s 			page 8


 400 02e4 07       		.uleb128 0x7
 401 02e5 75010000 		.4byte	.LASF63
 402 02e9 03       		.byte	0x3
 403 02ea 65       		.byte	0x65
 404 02eb 9A000000 		.4byte	0x9a
 405 02ef 55       		.byte	0x55
 406 02f0 07       		.uleb128 0x7
 407 02f1 2C070000 		.4byte	.LASF64
 408 02f5 03       		.byte	0x3
 409 02f6 66       		.byte	0x66
 410 02f7 9A000000 		.4byte	0x9a
 411 02fb 56       		.byte	0x56
 412 02fc 07       		.uleb128 0x7
 413 02fd D5030000 		.4byte	.LASF65
 414 0301 03       		.byte	0x3
 415 0302 67       		.byte	0x67
 416 0303 9A000000 		.4byte	0x9a
 417 0307 57       		.byte	0x57
 418 0308 07       		.uleb128 0x7
 419 0309 24000000 		.4byte	.LASF66
 420 030d 03       		.byte	0x3
 421 030e 68       		.byte	0x68
 422 030f 9A000000 		.4byte	0x9a
 423 0313 58       		.byte	0x58
 424 0314 07       		.uleb128 0x7
 425 0315 2D060000 		.4byte	.LASF67
 426 0319 03       		.byte	0x3
 427 031a 69       		.byte	0x69
 428 031b 9A000000 		.4byte	0x9a
 429 031f 59       		.byte	0x59
 430 0320 07       		.uleb128 0x7
 431 0321 CD040000 		.4byte	.LASF68
 432 0325 03       		.byte	0x3
 433 0326 6E       		.byte	0x6e
 434 0327 B0000000 		.4byte	0xb0
 435 032b 5A       		.byte	0x5a
 436 032c 07       		.uleb128 0x7
 437 032d 86080000 		.4byte	.LASF69
 438 0331 03       		.byte	0x3
 439 0332 6F       		.byte	0x6f
 440 0333 B0000000 		.4byte	0xb0
 441 0337 5C       		.byte	0x5c
 442 0338 07       		.uleb128 0x7
 443 0339 EA000000 		.4byte	.LASF70
 444 033d 03       		.byte	0x3
 445 033e 70       		.byte	0x70
 446 033f 9A000000 		.4byte	0x9a
 447 0343 5E       		.byte	0x5e
 448 0344 07       		.uleb128 0x7
 449 0345 DB050000 		.4byte	.LASF71
 450 0349 03       		.byte	0x3
 451 034a 71       		.byte	0x71
 452 034b 9A000000 		.4byte	0x9a
 453 034f 5F       		.byte	0x5f
 454 0350 07       		.uleb128 0x7
 455 0351 13050000 		.4byte	.LASF72
 456 0355 03       		.byte	0x3
ARM GAS  C:\Users\ailen\AppData\Local\Temp\ccYLCZ0A.s 			page 9


 457 0356 72       		.byte	0x72
 458 0357 9A000000 		.4byte	0x9a
 459 035b 60       		.byte	0x60
 460 035c 07       		.uleb128 0x7
 461 035d B4050000 		.4byte	.LASF73
 462 0361 03       		.byte	0x3
 463 0362 73       		.byte	0x73
 464 0363 C6000000 		.4byte	0xc6
 465 0367 64       		.byte	0x64
 466 0368 07       		.uleb128 0x7
 467 0369 1F010000 		.4byte	.LASF74
 468 036d 03       		.byte	0x3
 469 036e 76       		.byte	0x76
 470 036f B0000000 		.4byte	0xb0
 471 0373 68       		.byte	0x68
 472 0374 07       		.uleb128 0x7
 473 0375 7B030000 		.4byte	.LASF75
 474 0379 03       		.byte	0x3
 475 037a 77       		.byte	0x77
 476 037b B0000000 		.4byte	0xb0
 477 037f 6A       		.byte	0x6a
 478 0380 07       		.uleb128 0x7
 479 0381 F7030000 		.4byte	.LASF76
 480 0385 03       		.byte	0x3
 481 0386 78       		.byte	0x78
 482 0387 B0000000 		.4byte	0xb0
 483 038b 6C       		.byte	0x6c
 484 038c 07       		.uleb128 0x7
 485 038d E8060000 		.4byte	.LASF77
 486 0391 03       		.byte	0x3
 487 0392 79       		.byte	0x79
 488 0393 B0000000 		.4byte	0xb0
 489 0397 6E       		.byte	0x6e
 490 0398 07       		.uleb128 0x7
 491 0399 90060000 		.4byte	.LASF78
 492 039d 03       		.byte	0x3
 493 039e 7B       		.byte	0x7b
 494 039f 9A000000 		.4byte	0x9a
 495 03a3 70       		.byte	0x70
 496 03a4 07       		.uleb128 0x7
 497 03a5 AB010000 		.4byte	.LASF79
 498 03a9 03       		.byte	0x3
 499 03aa 7C       		.byte	0x7c
 500 03ab 9A000000 		.4byte	0x9a
 501 03af 71       		.byte	0x71
 502 03b0 07       		.uleb128 0x7
 503 03b1 D9090000 		.4byte	.LASF80
 504 03b5 03       		.byte	0x3
 505 03b6 7D       		.byte	0x7d
 506 03b7 9A000000 		.4byte	0x9a
 507 03bb 72       		.byte	0x72
 508 03bc 07       		.uleb128 0x7
 509 03bd E4040000 		.4byte	.LASF81
 510 03c1 03       		.byte	0x3
 511 03c2 7E       		.byte	0x7e
 512 03c3 9A000000 		.4byte	0x9a
 513 03c7 73       		.byte	0x73
ARM GAS  C:\Users\ailen\AppData\Local\Temp\ccYLCZ0A.s 			page 10


 514 03c8 07       		.uleb128 0x7
 515 03c9 B9020000 		.4byte	.LASF82
 516 03cd 03       		.byte	0x3
 517 03ce 80       		.byte	0x80
 518 03cf B0000000 		.4byte	0xb0
 519 03d3 74       		.byte	0x74
 520 03d4 07       		.uleb128 0x7
 521 03d5 0C080000 		.4byte	.LASF83
 522 03d9 03       		.byte	0x3
 523 03da 81       		.byte	0x81
 524 03db B0000000 		.4byte	0xb0
 525 03df 76       		.byte	0x76
 526 03e0 07       		.uleb128 0x7
 527 03e1 99020000 		.4byte	.LASF84
 528 03e5 03       		.byte	0x3
 529 03e6 82       		.byte	0x82
 530 03e7 B0000000 		.4byte	0xb0
 531 03eb 78       		.byte	0x78
 532 03ec 07       		.uleb128 0x7
 533 03ed 4E060000 		.4byte	.LASF85
 534 03f1 03       		.byte	0x3
 535 03f2 83       		.byte	0x83
 536 03f3 B0000000 		.4byte	0xb0
 537 03f7 7A       		.byte	0x7a
 538 03f8 07       		.uleb128 0x7
 539 03f9 5B090000 		.4byte	.LASF86
 540 03fd 03       		.byte	0x3
 541 03fe 86       		.byte	0x86
 542 03ff 9A000000 		.4byte	0x9a
 543 0403 7C       		.byte	0x7c
 544 0404 07       		.uleb128 0x7
 545 0405 2B040000 		.4byte	.LASF87
 546 0409 03       		.byte	0x3
 547 040a 87       		.byte	0x87
 548 040b 9A000000 		.4byte	0x9a
 549 040f 7D       		.byte	0x7d
 550 0410 07       		.uleb128 0x7
 551 0411 38000000 		.4byte	.LASF88
 552 0415 03       		.byte	0x3
 553 0416 88       		.byte	0x88
 554 0417 9A000000 		.4byte	0x9a
 555 041b 7E       		.byte	0x7e
 556 041c 07       		.uleb128 0x7
 557 041d CB020000 		.4byte	.LASF89
 558 0421 03       		.byte	0x3
 559 0422 89       		.byte	0x89
 560 0423 9A000000 		.4byte	0x9a
 561 0427 7F       		.byte	0x7f
 562 0428 07       		.uleb128 0x7
 563 0429 37030000 		.4byte	.LASF90
 564 042d 03       		.byte	0x3
 565 042e 8A       		.byte	0x8a
 566 042f 9A000000 		.4byte	0x9a
 567 0433 80       		.byte	0x80
 568 0434 07       		.uleb128 0x7
 569 0435 96040000 		.4byte	.LASF91
 570 0439 03       		.byte	0x3
ARM GAS  C:\Users\ailen\AppData\Local\Temp\ccYLCZ0A.s 			page 11


 571 043a 8D       		.byte	0x8d
 572 043b C6000000 		.4byte	0xc6
 573 043f 84       		.byte	0x84
 574 0440 07       		.uleb128 0x7
 575 0441 C3000000 		.4byte	.LASF92
 576 0445 03       		.byte	0x3
 577 0446 8E       		.byte	0x8e
 578 0447 C6000000 		.4byte	0xc6
 579 044b 88       		.byte	0x88
 580 044c 07       		.uleb128 0x7
 581 044d 46090000 		.4byte	.LASF93
 582 0451 03       		.byte	0x3
 583 0452 8F       		.byte	0x8f
 584 0453 C6000000 		.4byte	0xc6
 585 0457 8C       		.byte	0x8c
 586 0458 07       		.uleb128 0x7
 587 0459 4B030000 		.4byte	.LASF94
 588 045d 03       		.byte	0x3
 589 045e 90       		.byte	0x90
 590 045f C6000000 		.4byte	0xc6
 591 0463 90       		.byte	0x90
 592 0464 07       		.uleb128 0x7
 593 0465 18030000 		.4byte	.LASF95
 594 0469 03       		.byte	0x3
 595 046a 91       		.byte	0x91
 596 046b C6000000 		.4byte	0xc6
 597 046f 94       		.byte	0x94
 598 0470 07       		.uleb128 0x7
 599 0471 D1010000 		.4byte	.LASF96
 600 0475 03       		.byte	0x3
 601 0476 92       		.byte	0x92
 602 0477 C6000000 		.4byte	0xc6
 603 047b 98       		.byte	0x98
 604 047c 07       		.uleb128 0x7
 605 047d A8090000 		.4byte	.LASF97
 606 0481 03       		.byte	0x3
 607 0482 93       		.byte	0x93
 608 0483 C6000000 		.4byte	0xc6
 609 0487 9C       		.byte	0x9c
 610 0488 07       		.uleb128 0x7
 611 0489 39010000 		.4byte	.LASF98
 612 048d 03       		.byte	0x3
 613 048e 94       		.byte	0x94
 614 048f C6000000 		.4byte	0xc6
 615 0493 A0       		.byte	0xa0
 616 0494 07       		.uleb128 0x7
 617 0495 F2010000 		.4byte	.LASF99
 618 0499 03       		.byte	0x3
 619 049a 95       		.byte	0x95
 620 049b B0000000 		.4byte	0xb0
 621 049f A4       		.byte	0xa4
 622 04a0 07       		.uleb128 0x7
 623 04a1 F5060000 		.4byte	.LASF100
 624 04a5 03       		.byte	0x3
 625 04a6 96       		.byte	0x96
 626 04a7 B0000000 		.4byte	0xb0
 627 04ab A6       		.byte	0xa6
ARM GAS  C:\Users\ailen\AppData\Local\Temp\ccYLCZ0A.s 			page 12


 628 04ac 07       		.uleb128 0x7
 629 04ad CF050000 		.4byte	.LASF101
 630 04b1 03       		.byte	0x3
 631 04b2 97       		.byte	0x97
 632 04b3 B0000000 		.4byte	0xb0
 633 04b7 A8       		.byte	0xa8
 634 04b8 07       		.uleb128 0x7
 635 04b9 75060000 		.4byte	.LASF102
 636 04bd 03       		.byte	0x3
 637 04be 98       		.byte	0x98
 638 04bf B0000000 		.4byte	0xb0
 639 04c3 AA       		.byte	0xaa
 640 04c4 07       		.uleb128 0x7
 641 04c5 06040000 		.4byte	.LASF103
 642 04c9 03       		.byte	0x3
 643 04ca 99       		.byte	0x99
 644 04cb B0000000 		.4byte	0xb0
 645 04cf AC       		.byte	0xac
 646 04d0 07       		.uleb128 0x7
 647 04d1 8C000000 		.4byte	.LASF104
 648 04d5 03       		.byte	0x3
 649 04d6 9A       		.byte	0x9a
 650 04d7 B0000000 		.4byte	0xb0
 651 04db AE       		.byte	0xae
 652 04dc 07       		.uleb128 0x7
 653 04dd 8F080000 		.4byte	.LASF105
 654 04e1 03       		.byte	0x3
 655 04e2 9D       		.byte	0x9d
 656 04e3 B0000000 		.4byte	0xb0
 657 04e7 B0       		.byte	0xb0
 658 04e8 07       		.uleb128 0x7
 659 04e9 55000000 		.4byte	.LASF106
 660 04ed 03       		.byte	0x3
 661 04ee 9E       		.byte	0x9e
 662 04ef C6000000 		.4byte	0xc6
 663 04f3 B4       		.byte	0xb4
 664 04f4 00       		.byte	0
 665 04f5 03       		.uleb128 0x3
 666 04f6 48040000 		.4byte	.LASF107
 667 04fa 03       		.byte	0x3
 668 04fb 9F       		.byte	0x9f
 669 04fc E4000000 		.4byte	0xe4
 670 0500 02       		.uleb128 0x2
 671 0501 01       		.byte	0x1
 672 0502 08       		.byte	0x8
 673 0503 27070000 		.4byte	.LASF108
 674 0507 02       		.uleb128 0x2
 675 0508 04       		.byte	0x4
 676 0509 04       		.byte	0x4
 677 050a E4000000 		.4byte	.LASF109
 678 050e 02       		.uleb128 0x2
 679 050f 08       		.byte	0x8
 680 0510 04       		.byte	0x4
 681 0511 92020000 		.4byte	.LASF110
 682 0515 08       		.uleb128 0x8
 683 0516 04       		.byte	0x4
 684 0517 02       		.uleb128 0x2
ARM GAS  C:\Users\ailen\AppData\Local\Temp\ccYLCZ0A.s 			page 13


 685 0518 01       		.byte	0x1
 686 0519 02       		.byte	0x2
 687 051a 070A0000 		.4byte	.LASF111
 688 051e 09       		.uleb128 0x9
 689 051f 04       		.byte	0x4
 690 0520 24050000 		.4byte	0x524
 691 0524 0A       		.uleb128 0xa
 692 0525 2F050000 		.4byte	0x52f
 693 0529 0B       		.uleb128 0xb
 694 052a C6000000 		.4byte	0xc6
 695 052e 00       		.byte	0
 696 052f 0C       		.uleb128 0xc
 697 0530 9F030000 		.4byte	.LASF112
 698 0534 04       		.byte	0x4
 699 0535 D901     		.2byte	0x1d9
 700 0537 1E050000 		.4byte	0x51e
 701 053b 0D       		.uleb128 0xd
 702 053c EF090000 		.4byte	.LASF128
 703 0540 38       		.byte	0x38
 704 0541 04       		.byte	0x4
 705 0542 7502     		.2byte	0x275
 706 0544 FF050000 		.4byte	0x5ff
 707 0548 0E       		.uleb128 0xe
 708 0549 BE090000 		.4byte	.LASF113
 709 054d 04       		.byte	0x4
 710 054e 7802     		.2byte	0x278
 711 0550 D8000000 		.4byte	0xd8
 712 0554 00       		.byte	0
 713 0555 0E       		.uleb128 0xe
 714 0556 2F050000 		.4byte	.LASF114
 715 055a 04       		.byte	0x4
 716 055b 7902     		.2byte	0x279
 717 055d D8000000 		.4byte	0xd8
 718 0561 04       		.byte	0x4
 719 0562 0E       		.uleb128 0xe
 720 0563 2F010000 		.4byte	.LASF115
 721 0567 04       		.byte	0x4
 722 0568 7B02     		.2byte	0x27b
 723 056a 15050000 		.4byte	0x515
 724 056e 08       		.byte	0x8
 725 056f 0E       		.uleb128 0xe
 726 0570 6D030000 		.4byte	.LASF116
 727 0574 04       		.byte	0x4
 728 0575 7C02     		.2byte	0x27c
 729 0577 C6000000 		.4byte	0xc6
 730 057b 0C       		.byte	0xc
 731 057c 0E       		.uleb128 0xe
 732 057d 48080000 		.4byte	.LASF117
 733 0581 04       		.byte	0x4
 734 0582 7D02     		.2byte	0x27d
 735 0584 D8000000 		.4byte	0xd8
 736 0588 10       		.byte	0x10
 737 0589 0E       		.uleb128 0xe
 738 058a 9A090000 		.4byte	.LASF118
 739 058e 04       		.byte	0x4
 740 058f 7E02     		.2byte	0x27e
 741 0591 D8000000 		.4byte	0xd8
ARM GAS  C:\Users\ailen\AppData\Local\Temp\ccYLCZ0A.s 			page 14


 742 0595 14       		.byte	0x14
 743 0596 0E       		.uleb128 0xe
 744 0597 CB080000 		.4byte	.LASF119
 745 059b 04       		.byte	0x4
 746 059c 8002     		.2byte	0x280
 747 059e 15050000 		.4byte	0x515
 748 05a2 18       		.byte	0x18
 749 05a3 0E       		.uleb128 0xe
 750 05a4 1A000000 		.4byte	.LASF120
 751 05a8 04       		.byte	0x4
 752 05a9 8102     		.2byte	0x281
 753 05ab C6000000 		.4byte	0xc6
 754 05af 1C       		.byte	0x1c
 755 05b0 0E       		.uleb128 0xe
 756 05b1 0F030000 		.4byte	.LASF121
 757 05b5 04       		.byte	0x4
 758 05b6 8202     		.2byte	0x282
 759 05b8 D8000000 		.4byte	0xd8
 760 05bc 20       		.byte	0x20
 761 05bd 0E       		.uleb128 0xe
 762 05be 5D010000 		.4byte	.LASF122
 763 05c2 04       		.byte	0x4
 764 05c3 8402     		.2byte	0x284
 765 05c5 15050000 		.4byte	0x515
 766 05c9 24       		.byte	0x24
 767 05ca 0E       		.uleb128 0xe
 768 05cb 2D030000 		.4byte	.LASF123
 769 05cf 04       		.byte	0x4
 770 05d0 8502     		.2byte	0x285
 771 05d2 C6000000 		.4byte	0xc6
 772 05d6 28       		.byte	0x28
 773 05d7 0E       		.uleb128 0xe
 774 05d8 C0010000 		.4byte	.LASF124
 775 05dc 04       		.byte	0x4
 776 05dd 8602     		.2byte	0x286
 777 05df D8000000 		.4byte	0xd8
 778 05e3 2C       		.byte	0x2c
 779 05e4 0E       		.uleb128 0xe
 780 05e5 22040000 		.4byte	.LASF125
 781 05e9 04       		.byte	0x4
 782 05ea 8B02     		.2byte	0x28b
 783 05ec 2F050000 		.4byte	0x52f
 784 05f0 30       		.byte	0x30
 785 05f1 0E       		.uleb128 0xe
 786 05f2 C3080000 		.4byte	.LASF126
 787 05f6 04       		.byte	0x4
 788 05f7 8E02     		.2byte	0x28e
 789 05f9 C6000000 		.4byte	0xc6
 790 05fd 34       		.byte	0x34
 791 05fe 00       		.byte	0
 792 05ff 0C       		.uleb128 0xc
 793 0600 DA080000 		.4byte	.LASF127
 794 0604 04       		.byte	0x4
 795 0605 9102     		.2byte	0x291
 796 0607 3B050000 		.4byte	0x53b
 797 060b 0F       		.uleb128 0xf
 798 060c 20020000 		.4byte	.LASF129
ARM GAS  C:\Users\ailen\AppData\Local\Temp\ccYLCZ0A.s 			page 15


 799 0610 64       		.byte	0x64
 800 0611 05       		.byte	0x5
 801 0612 2F       		.byte	0x2f
 802 0613 44070000 		.4byte	0x744
 803 0617 07       		.uleb128 0x7
 804 0618 53050000 		.4byte	.LASF130
 805 061c 05       		.byte	0x5
 806 061d 31       		.byte	0x31
 807 061e C6000000 		.4byte	0xc6
 808 0622 00       		.byte	0
 809 0623 07       		.uleb128 0x7
 810 0624 10010000 		.4byte	.LASF131
 811 0628 05       		.byte	0x5
 812 0629 33       		.byte	0x33
 813 062a C6000000 		.4byte	0xc6
 814 062e 04       		.byte	0x4
 815 062f 07       		.uleb128 0x7
 816 0630 83060000 		.4byte	.LASF132
 817 0634 05       		.byte	0x5
 818 0635 34       		.byte	0x34
 819 0636 C6000000 		.4byte	0xc6
 820 063a 08       		.byte	0x8
 821 063b 07       		.uleb128 0x7
 822 063c 6F040000 		.4byte	.LASF133
 823 0640 05       		.byte	0x5
 824 0641 35       		.byte	0x35
 825 0642 C6000000 		.4byte	0xc6
 826 0646 0C       		.byte	0xc
 827 0647 07       		.uleb128 0x7
 828 0648 12000000 		.4byte	.LASF134
 829 064c 05       		.byte	0x5
 830 064d 36       		.byte	0x36
 831 064e C6000000 		.4byte	0xc6
 832 0652 10       		.byte	0x10
 833 0653 07       		.uleb128 0x7
 834 0654 AA080000 		.4byte	.LASF135
 835 0658 05       		.byte	0x5
 836 0659 37       		.byte	0x37
 837 065a C6000000 		.4byte	0xc6
 838 065e 14       		.byte	0x14
 839 065f 07       		.uleb128 0x7
 840 0660 B2080000 		.4byte	.LASF136
 841 0664 05       		.byte	0x5
 842 0665 38       		.byte	0x38
 843 0666 C6000000 		.4byte	0xc6
 844 066a 18       		.byte	0x18
 845 066b 07       		.uleb128 0x7
 846 066c A4060000 		.4byte	.LASF137
 847 0670 05       		.byte	0x5
 848 0671 39       		.byte	0x39
 849 0672 17050000 		.4byte	0x517
 850 0676 1C       		.byte	0x1c
 851 0677 07       		.uleb128 0x7
 852 0678 0A070000 		.4byte	.LASF138
 853 067c 05       		.byte	0x5
 854 067d 3A       		.byte	0x3a
 855 067e C6000000 		.4byte	0xc6
ARM GAS  C:\Users\ailen\AppData\Local\Temp\ccYLCZ0A.s 			page 16


 856 0682 20       		.byte	0x20
 857 0683 07       		.uleb128 0x7
 858 0684 13070000 		.4byte	.LASF139
 859 0688 05       		.byte	0x5
 860 0689 3B       		.byte	0x3b
 861 068a C6000000 		.4byte	0xc6
 862 068e 24       		.byte	0x24
 863 068f 07       		.uleb128 0x7
 864 0690 63060000 		.4byte	.LASF140
 865 0694 05       		.byte	0x5
 866 0695 3C       		.byte	0x3c
 867 0696 17050000 		.4byte	0x517
 868 069a 28       		.byte	0x28
 869 069b 07       		.uleb128 0x7
 870 069c 56080000 		.4byte	.LASF141
 871 06a0 05       		.byte	0x5
 872 06a1 3E       		.byte	0x3e
 873 06a2 C6000000 		.4byte	0xc6
 874 06a6 2C       		.byte	0x2c
 875 06a7 07       		.uleb128 0x7
 876 06a8 62040000 		.4byte	.LASF142
 877 06ac 05       		.byte	0x5
 878 06ad 3F       		.byte	0x3f
 879 06ae C6000000 		.4byte	0xc6
 880 06b2 30       		.byte	0x30
 881 06b3 07       		.uleb128 0x7
 882 06b4 09090000 		.4byte	.LASF143
 883 06b8 05       		.byte	0x5
 884 06b9 40       		.byte	0x40
 885 06ba C6000000 		.4byte	0xc6
 886 06be 34       		.byte	0x34
 887 06bf 07       		.uleb128 0x7
 888 06c0 3D090000 		.4byte	.LASF144
 889 06c4 05       		.byte	0x5
 890 06c5 41       		.byte	0x41
 891 06c6 C6000000 		.4byte	0xc6
 892 06ca 38       		.byte	0x38
 893 06cb 07       		.uleb128 0x7
 894 06cc E9030000 		.4byte	.LASF145
 895 06d0 05       		.byte	0x5
 896 06d1 42       		.byte	0x42
 897 06d2 C6000000 		.4byte	0xc6
 898 06d6 3C       		.byte	0x3c
 899 06d7 07       		.uleb128 0x7
 900 06d8 B5060000 		.4byte	.LASF146
 901 06dc 05       		.byte	0x5
 902 06dd 44       		.byte	0x44
 903 06de C6000000 		.4byte	0xc6
 904 06e2 40       		.byte	0x40
 905 06e3 07       		.uleb128 0x7
 906 06e4 8A090000 		.4byte	.LASF147
 907 06e8 05       		.byte	0x5
 908 06e9 45       		.byte	0x45
 909 06ea C6000000 		.4byte	0xc6
 910 06ee 44       		.byte	0x44
 911 06ef 07       		.uleb128 0x7
 912 06f0 67080000 		.4byte	.LASF148
ARM GAS  C:\Users\ailen\AppData\Local\Temp\ccYLCZ0A.s 			page 17


 913 06f4 05       		.byte	0x5
 914 06f5 47       		.byte	0x47
 915 06f6 C6000000 		.4byte	0xc6
 916 06fa 48       		.byte	0x48
 917 06fb 07       		.uleb128 0x7
 918 06fc 08060000 		.4byte	.LASF149
 919 0700 05       		.byte	0x5
 920 0701 48       		.byte	0x48
 921 0702 C6000000 		.4byte	0xc6
 922 0706 4C       		.byte	0x4c
 923 0707 07       		.uleb128 0x7
 924 0708 2B0A0000 		.4byte	.LASF150
 925 070c 05       		.byte	0x5
 926 070d 4A       		.byte	0x4a
 927 070e C6000000 		.4byte	0xc6
 928 0712 50       		.byte	0x50
 929 0713 07       		.uleb128 0x7
 930 0714 14040000 		.4byte	.LASF151
 931 0718 05       		.byte	0x5
 932 0719 4B       		.byte	0x4b
 933 071a C6000000 		.4byte	0xc6
 934 071e 54       		.byte	0x54
 935 071f 07       		.uleb128 0x7
 936 0720 4B000000 		.4byte	.LASF152
 937 0724 05       		.byte	0x5
 938 0725 4D       		.byte	0x4d
 939 0726 C6000000 		.4byte	0xc6
 940 072a 58       		.byte	0x58
 941 072b 07       		.uleb128 0x7
 942 072c 87040000 		.4byte	.LASF153
 943 0730 05       		.byte	0x5
 944 0731 4E       		.byte	0x4e
 945 0732 C6000000 		.4byte	0xc6
 946 0736 5C       		.byte	0x5c
 947 0737 07       		.uleb128 0x7
 948 0738 1C070000 		.4byte	.LASF154
 949 073c 05       		.byte	0x5
 950 073d 50       		.byte	0x50
 951 073e C6000000 		.4byte	0xc6
 952 0742 60       		.byte	0x60
 953 0743 00       		.byte	0
 954 0744 03       		.uleb128 0x3
 955 0745 70090000 		.4byte	.LASF155
 956 0749 05       		.byte	0x5
 957 074a 51       		.byte	0x51
 958 074b 0B060000 		.4byte	0x60b
 959 074f 03       		.uleb128 0x3
 960 0750 4F010000 		.4byte	.LASF156
 961 0754 06       		.byte	0x6
 962 0755 2E       		.byte	0x2e
 963 0756 15050000 		.4byte	0x515
 964 075a 10       		.uleb128 0x10
 965 075b 41060000 		.4byte	.LASF157
 966 075f 07       		.byte	0x7
 967 0760 F907     		.2byte	0x7f9
 968 0762 66070000 		.4byte	0x766
 969 0766 05       		.uleb128 0x5
ARM GAS  C:\Users\ailen\AppData\Local\Temp\ccYLCZ0A.s 			page 18


 970 0767 BB000000 		.4byte	0xbb
 971 076b 11       		.uleb128 0x11
 972 076c C5050000 		.4byte	.LASF158
 973 0770 03       		.byte	0x3
 974 0771 A7       		.byte	0xa7
 975 0772 76070000 		.4byte	0x776
 976 0776 09       		.uleb128 0x9
 977 0777 04       		.byte	0x4
 978 0778 7C070000 		.4byte	0x77c
 979 077c 12       		.uleb128 0x12
 980 077d F5040000 		.4byte	0x4f5
 981 0781 11       		.uleb128 0x11
 982 0782 4E020000 		.4byte	.LASF159
 983 0786 08       		.byte	0x8
 984 0787 87       		.byte	0x87
 985 0788 FF050000 		.4byte	0x5ff
 986 078c 11       		.uleb128 0x11
 987 078d F1050000 		.4byte	.LASF160
 988 0791 09       		.byte	0x9
 989 0792 1F       		.byte	0x1f
 990 0793 97070000 		.4byte	0x797
 991 0797 12       		.uleb128 0x12
 992 0798 44070000 		.4byte	0x744
 993 079c 11       		.uleb128 0x11
 994 079d 2F090000 		.4byte	.LASF161
 995 07a1 0A       		.byte	0xa
 996 07a2 7B       		.byte	0x7b
 997 07a3 4F070000 		.4byte	0x74f
 998 07a7 00       		.byte	0
 999              		.section	.debug_abbrev,"",%progbits
 1000              	.Ldebug_abbrev0:
 1001 0000 01       		.uleb128 0x1
 1002 0001 11       		.uleb128 0x11
 1003 0002 01       		.byte	0x1
 1004 0003 25       		.uleb128 0x25
 1005 0004 0E       		.uleb128 0xe
 1006 0005 13       		.uleb128 0x13
 1007 0006 0B       		.uleb128 0xb
 1008 0007 03       		.uleb128 0x3
 1009 0008 0E       		.uleb128 0xe
 1010 0009 1B       		.uleb128 0x1b
 1011 000a 0E       		.uleb128 0xe
 1012 000b 10       		.uleb128 0x10
 1013 000c 17       		.uleb128 0x17
 1014 000d 00       		.byte	0
 1015 000e 00       		.byte	0
 1016 000f 02       		.uleb128 0x2
 1017 0010 24       		.uleb128 0x24
 1018 0011 00       		.byte	0
 1019 0012 0B       		.uleb128 0xb
 1020 0013 0B       		.uleb128 0xb
 1021 0014 3E       		.uleb128 0x3e
 1022 0015 0B       		.uleb128 0xb
 1023 0016 03       		.uleb128 0x3
 1024 0017 0E       		.uleb128 0xe
 1025 0018 00       		.byte	0
 1026 0019 00       		.byte	0
ARM GAS  C:\Users\ailen\AppData\Local\Temp\ccYLCZ0A.s 			page 19


 1027 001a 03       		.uleb128 0x3
 1028 001b 16       		.uleb128 0x16
 1029 001c 00       		.byte	0
 1030 001d 03       		.uleb128 0x3
 1031 001e 0E       		.uleb128 0xe
 1032 001f 3A       		.uleb128 0x3a
 1033 0020 0B       		.uleb128 0xb
 1034 0021 3B       		.uleb128 0x3b
 1035 0022 0B       		.uleb128 0xb
 1036 0023 49       		.uleb128 0x49
 1037 0024 13       		.uleb128 0x13
 1038 0025 00       		.byte	0
 1039 0026 00       		.byte	0
 1040 0027 04       		.uleb128 0x4
 1041 0028 24       		.uleb128 0x24
 1042 0029 00       		.byte	0
 1043 002a 0B       		.uleb128 0xb
 1044 002b 0B       		.uleb128 0xb
 1045 002c 3E       		.uleb128 0x3e
 1046 002d 0B       		.uleb128 0xb
 1047 002e 03       		.uleb128 0x3
 1048 002f 08       		.uleb128 0x8
 1049 0030 00       		.byte	0
 1050 0031 00       		.byte	0
 1051 0032 05       		.uleb128 0x5
 1052 0033 35       		.uleb128 0x35
 1053 0034 00       		.byte	0
 1054 0035 49       		.uleb128 0x49
 1055 0036 13       		.uleb128 0x13
 1056 0037 00       		.byte	0
 1057 0038 00       		.byte	0
 1058 0039 06       		.uleb128 0x6
 1059 003a 13       		.uleb128 0x13
 1060 003b 01       		.byte	0x1
 1061 003c 0B       		.uleb128 0xb
 1062 003d 0B       		.uleb128 0xb
 1063 003e 3A       		.uleb128 0x3a
 1064 003f 0B       		.uleb128 0xb
 1065 0040 3B       		.uleb128 0x3b
 1066 0041 0B       		.uleb128 0xb
 1067 0042 01       		.uleb128 0x1
 1068 0043 13       		.uleb128 0x13
 1069 0044 00       		.byte	0
 1070 0045 00       		.byte	0
 1071 0046 07       		.uleb128 0x7
 1072 0047 0D       		.uleb128 0xd
 1073 0048 00       		.byte	0
 1074 0049 03       		.uleb128 0x3
 1075 004a 0E       		.uleb128 0xe
 1076 004b 3A       		.uleb128 0x3a
 1077 004c 0B       		.uleb128 0xb
 1078 004d 3B       		.uleb128 0x3b
 1079 004e 0B       		.uleb128 0xb
 1080 004f 49       		.uleb128 0x49
 1081 0050 13       		.uleb128 0x13
 1082 0051 38       		.uleb128 0x38
 1083 0052 0B       		.uleb128 0xb
ARM GAS  C:\Users\ailen\AppData\Local\Temp\ccYLCZ0A.s 			page 20


 1084 0053 00       		.byte	0
 1085 0054 00       		.byte	0
 1086 0055 08       		.uleb128 0x8
 1087 0056 0F       		.uleb128 0xf
 1088 0057 00       		.byte	0
 1089 0058 0B       		.uleb128 0xb
 1090 0059 0B       		.uleb128 0xb
 1091 005a 00       		.byte	0
 1092 005b 00       		.byte	0
 1093 005c 09       		.uleb128 0x9
 1094 005d 0F       		.uleb128 0xf
 1095 005e 00       		.byte	0
 1096 005f 0B       		.uleb128 0xb
 1097 0060 0B       		.uleb128 0xb
 1098 0061 49       		.uleb128 0x49
 1099 0062 13       		.uleb128 0x13
 1100 0063 00       		.byte	0
 1101 0064 00       		.byte	0
 1102 0065 0A       		.uleb128 0xa
 1103 0066 15       		.uleb128 0x15
 1104 0067 01       		.byte	0x1
 1105 0068 27       		.uleb128 0x27
 1106 0069 19       		.uleb128 0x19
 1107 006a 01       		.uleb128 0x1
 1108 006b 13       		.uleb128 0x13
 1109 006c 00       		.byte	0
 1110 006d 00       		.byte	0
 1111 006e 0B       		.uleb128 0xb
 1112 006f 05       		.uleb128 0x5
 1113 0070 00       		.byte	0
 1114 0071 49       		.uleb128 0x49
 1115 0072 13       		.uleb128 0x13
 1116 0073 00       		.byte	0
 1117 0074 00       		.byte	0
 1118 0075 0C       		.uleb128 0xc
 1119 0076 16       		.uleb128 0x16
 1120 0077 00       		.byte	0
 1121 0078 03       		.uleb128 0x3
 1122 0079 0E       		.uleb128 0xe
 1123 007a 3A       		.uleb128 0x3a
 1124 007b 0B       		.uleb128 0xb
 1125 007c 3B       		.uleb128 0x3b
 1126 007d 05       		.uleb128 0x5
 1127 007e 49       		.uleb128 0x49
 1128 007f 13       		.uleb128 0x13
 1129 0080 00       		.byte	0
 1130 0081 00       		.byte	0
 1131 0082 0D       		.uleb128 0xd
 1132 0083 13       		.uleb128 0x13
 1133 0084 01       		.byte	0x1
 1134 0085 03       		.uleb128 0x3
 1135 0086 0E       		.uleb128 0xe
 1136 0087 0B       		.uleb128 0xb
 1137 0088 0B       		.uleb128 0xb
 1138 0089 3A       		.uleb128 0x3a
 1139 008a 0B       		.uleb128 0xb
 1140 008b 3B       		.uleb128 0x3b
ARM GAS  C:\Users\ailen\AppData\Local\Temp\ccYLCZ0A.s 			page 21


 1141 008c 05       		.uleb128 0x5
 1142 008d 01       		.uleb128 0x1
 1143 008e 13       		.uleb128 0x13
 1144 008f 00       		.byte	0
 1145 0090 00       		.byte	0
 1146 0091 0E       		.uleb128 0xe
 1147 0092 0D       		.uleb128 0xd
 1148 0093 00       		.byte	0
 1149 0094 03       		.uleb128 0x3
 1150 0095 0E       		.uleb128 0xe
 1151 0096 3A       		.uleb128 0x3a
 1152 0097 0B       		.uleb128 0xb
 1153 0098 3B       		.uleb128 0x3b
 1154 0099 05       		.uleb128 0x5
 1155 009a 49       		.uleb128 0x49
 1156 009b 13       		.uleb128 0x13
 1157 009c 38       		.uleb128 0x38
 1158 009d 0B       		.uleb128 0xb
 1159 009e 00       		.byte	0
 1160 009f 00       		.byte	0
 1161 00a0 0F       		.uleb128 0xf
 1162 00a1 13       		.uleb128 0x13
 1163 00a2 01       		.byte	0x1
 1164 00a3 03       		.uleb128 0x3
 1165 00a4 0E       		.uleb128 0xe
 1166 00a5 0B       		.uleb128 0xb
 1167 00a6 0B       		.uleb128 0xb
 1168 00a7 3A       		.uleb128 0x3a
 1169 00a8 0B       		.uleb128 0xb
 1170 00a9 3B       		.uleb128 0x3b
 1171 00aa 0B       		.uleb128 0xb
 1172 00ab 01       		.uleb128 0x1
 1173 00ac 13       		.uleb128 0x13
 1174 00ad 00       		.byte	0
 1175 00ae 00       		.byte	0
 1176 00af 10       		.uleb128 0x10
 1177 00b0 34       		.uleb128 0x34
 1178 00b1 00       		.byte	0
 1179 00b2 03       		.uleb128 0x3
 1180 00b3 0E       		.uleb128 0xe
 1181 00b4 3A       		.uleb128 0x3a
 1182 00b5 0B       		.uleb128 0xb
 1183 00b6 3B       		.uleb128 0x3b
 1184 00b7 05       		.uleb128 0x5
 1185 00b8 49       		.uleb128 0x49
 1186 00b9 13       		.uleb128 0x13
 1187 00ba 3F       		.uleb128 0x3f
 1188 00bb 19       		.uleb128 0x19
 1189 00bc 3C       		.uleb128 0x3c
 1190 00bd 19       		.uleb128 0x19
 1191 00be 00       		.byte	0
 1192 00bf 00       		.byte	0
 1193 00c0 11       		.uleb128 0x11
 1194 00c1 34       		.uleb128 0x34
 1195 00c2 00       		.byte	0
 1196 00c3 03       		.uleb128 0x3
 1197 00c4 0E       		.uleb128 0xe
ARM GAS  C:\Users\ailen\AppData\Local\Temp\ccYLCZ0A.s 			page 22


 1198 00c5 3A       		.uleb128 0x3a
 1199 00c6 0B       		.uleb128 0xb
 1200 00c7 3B       		.uleb128 0x3b
 1201 00c8 0B       		.uleb128 0xb
 1202 00c9 49       		.uleb128 0x49
 1203 00ca 13       		.uleb128 0x13
 1204 00cb 3F       		.uleb128 0x3f
 1205 00cc 19       		.uleb128 0x19
 1206 00cd 3C       		.uleb128 0x3c
 1207 00ce 19       		.uleb128 0x19
 1208 00cf 00       		.byte	0
 1209 00d0 00       		.byte	0
 1210 00d1 12       		.uleb128 0x12
 1211 00d2 26       		.uleb128 0x26
 1212 00d3 00       		.byte	0
 1213 00d4 49       		.uleb128 0x49
 1214 00d5 13       		.uleb128 0x13
 1215 00d6 00       		.byte	0
 1216 00d7 00       		.byte	0
 1217 00d8 00       		.byte	0
 1218              		.section	.debug_aranges,"",%progbits
 1219 0000 14000000 		.4byte	0x14
 1220 0004 0200     		.2byte	0x2
 1221 0006 00000000 		.4byte	.Ldebug_info0
 1222 000a 04       		.byte	0x4
 1223 000b 00       		.byte	0
 1224 000c 0000     		.2byte	0
 1225 000e 0000     		.2byte	0
 1226 0010 00000000 		.4byte	0
 1227 0014 00000000 		.4byte	0
 1228              		.section	.debug_line,"",%progbits
 1229              	.Ldebug_line0:
 1230 0000 A8020000 		.section	.debug_str,"MS",%progbits,1
 1230      0200A202 
 1230      00000201 
 1230      FB0E0D00 
 1230      01010101 
 1231              	.LASF56:
 1232 0000 70726F74 		.ascii	"protBusMasterMask\000"
 1232      4275734D 
 1232      61737465 
 1232      724D6173 
 1232      6B00
 1233              	.LASF134:
 1234 0012 72756E4D 		.ascii	"runMode\000"
 1234      6F646500 
 1235              	.LASF120:
 1236 001a 72784275 		.ascii	"rxBufSize\000"
 1236      6653697A 
 1236      6500
 1237              	.LASF66:
 1238 0024 666C6173 		.ascii	"flashCtlMainWs3Freq\000"
 1238      6843746C 
 1238      4D61696E 
 1238      57733346 
 1238      72657100 
 1239              	.LASF88:
ARM GAS  C:\Users\ailen\AppData\Local\Temp\ccYLCZ0A.s 			page 23


 1240 0038 6770696F 		.ascii	"gpioPrtCfgInOffset\000"
 1240      50727443 
 1240      6667496E 
 1240      4F666673 
 1240      657400
 1241              	.LASF152:
 1242 004b 6B696C6C 		.ascii	"killInput\000"
 1242      496E7075 
 1242      7400
 1243              	.LASF106:
 1244 0055 6970634C 		.ascii	"ipcLockStatusOffset\000"
 1244      6F636B53 
 1244      74617475 
 1244      734F6666 
 1244      73657400 
 1245              	.LASF32:
 1246 0069 63727970 		.ascii	"cryptoVersion\000"
 1246      746F5665 
 1246      7273696F 
 1246      6E00
 1247              	.LASF50:
 1248 0077 70657269 		.ascii	"periClockNr\000"
 1248      436C6F63 
 1248      6B4E7200 
 1249              	.LASF28:
 1250 0083 70617373 		.ascii	"passBase\000"
 1250      42617365 
 1250      00
 1251              	.LASF104:
 1252 008c 63707573 		.ascii	"cpussRam2Ctl0\000"
 1252      7352616D 
 1252      3243746C 
 1252      3000
 1253              	.LASF41:
 1254 009a 63707573 		.ascii	"cpussIpcIrqNr\000"
 1254      73497063 
 1254      4972714E 
 1254      7200
 1255              	.LASF3:
 1256 00a8 5F5F7569 		.ascii	"__uint8_t\000"
 1256      6E74385F 
 1256      7400
 1257              	.LASF43:
 1258 00b2 63707573 		.ascii	"cpussFlashPaSize\000"
 1258      73466C61 
 1258      73685061 
 1258      53697A65 
 1258      00
 1259              	.LASF92:
 1260 00c3 63707573 		.ascii	"cpussCm4ClockCtlOffset\000"
 1260      73436D34 
 1260      436C6F63 
 1260      6B43746C 
 1260      4F666673 
 1261              	.LASF21:
 1262 00da 63707573 		.ascii	"cpussBase\000"
 1262      73426173 
ARM GAS  C:\Users\ailen\AppData\Local\Temp\ccYLCZ0A.s 			page 24


 1262      6500
 1263              	.LASF109:
 1264 00e4 666C6F61 		.ascii	"float\000"
 1264      7400
 1265              	.LASF70:
 1266 00ea 64774368 		.ascii	"dwChCtlPrioPos\000"
 1266      43746C50 
 1266      72696F50 
 1266      6F7300
 1267              	.LASF12:
 1268 00f9 6C6F6E67 		.ascii	"long long unsigned int\000"
 1268      206C6F6E 
 1268      6720756E 
 1268      7369676E 
 1268      65642069 
 1269              	.LASF131:
 1270 0110 636C6F63 		.ascii	"clockPrescaler\000"
 1270      6B507265 
 1270      7363616C 
 1270      657200
 1271              	.LASF74:
 1272 011f 70657269 		.ascii	"periTrCmdOffset\000"
 1272      5472436D 
 1272      644F6666 
 1272      73657400 
 1273              	.LASF115:
 1274 012f 72785269 		.ascii	"rxRingBuf\000"
 1274      6E674275 
 1274      6600
 1275              	.LASF98:
 1276 0139 63707573 		.ascii	"cpussSysTickCtlOffset\000"
 1276      73537973 
 1276      5469636B 
 1276      43746C4F 
 1276      66667365 
 1277              	.LASF156:
 1278 014f 51756575 		.ascii	"QueueHandle_t\000"
 1278      6548616E 
 1278      646C655F 
 1278      7400
 1279              	.LASF122:
 1280 015d 74784275 		.ascii	"txBuf\000"
 1280      6600
 1281              	.LASF59:
 1282 0163 666C6173 		.ascii	"flashPipeRequired\000"
 1282      68506970 
 1282      65526571 
 1282      75697265 
 1282      6400
 1283              	.LASF63:
 1284 0175 666C6173 		.ascii	"flashCtlMainWs0Freq\000"
 1284      6843746C 
 1284      4D61696E 
 1284      57733046 
 1284      72657100 
 1285              	.LASF15:
 1286 0189 696E7431 		.ascii	"int16_t\000"
ARM GAS  C:\Users\ailen\AppData\Local\Temp\ccYLCZ0A.s 			page 25


 1286      365F7400 
 1287              	.LASF11:
 1288 0191 6C6F6E67 		.ascii	"long long int\000"
 1288      206C6F6E 
 1288      6720696E 
 1288      7400
 1289              	.LASF1:
 1290 019f 7369676E 		.ascii	"signed char\000"
 1290      65642063 
 1290      68617200 
 1291              	.LASF79:
 1292 01ab 70657269 		.ascii	"periDivCmdTypeSelPos\000"
 1292      44697643 
 1292      6D645479 
 1292      70655365 
 1292      6C506F73 
 1293              	.LASF124:
 1294 01c0 74784C65 		.ascii	"txLeftToTransmit\000"
 1294      6674546F 
 1294      5472616E 
 1294      736D6974 
 1294      00
 1295              	.LASF96:
 1296 01d1 63707573 		.ascii	"cpussTrimRamCtlOffset\000"
 1296      73547269 
 1296      6D52616D 
 1296      43746C4F 
 1296      66667365 
 1297              	.LASF37:
 1298 01e7 69706356 		.ascii	"ipcVersion\000"
 1298      65727369 
 1298      6F6E00
 1299              	.LASF99:
 1300 01f2 63707573 		.ascii	"cpussCm0NmiCtlOffset\000"
 1300      73436D30 
 1300      4E6D6943 
 1300      746C4F66 
 1300      66736574 
 1301              	.LASF47:
 1302 0207 73727373 		.ascii	"srssNumClkpath\000"
 1302      4E756D43 
 1302      6C6B7061 
 1302      746800
 1303              	.LASF26:
 1304 0216 6873696F 		.ascii	"hsiomBase\000"
 1304      6D426173 
 1304      6500
 1305              	.LASF129:
 1306 0220 63795F73 		.ascii	"cy_stc_tcpwm_pwm_config\000"
 1306      74635F74 
 1306      6370776D 
 1306      5F70776D 
 1306      5F636F6E 
 1307              	.LASF8:
 1308 0238 6C6F6E67 		.ascii	"long int\000"
 1308      20696E74 
 1308      00
ARM GAS  C:\Users\ailen\AppData\Local\Temp\ccYLCZ0A.s 			page 26


 1309              	.LASF163:
 1310 0241 75617274 		.ascii	"uart_debug.c\000"
 1310      5F646562 
 1310      75672E63 
 1310      00
 1311              	.LASF159:
 1312 024e 44454255 		.ascii	"DEBUG_UART_context\000"
 1312      475F5541 
 1312      52545F63 
 1312      6F6E7465 
 1312      787400
 1313              	.LASF57:
 1314 0261 63727970 		.ascii	"cryptoMemSize\000"
 1314      746F4D65 
 1314      6D53697A 
 1314      6500
 1315              	.LASF23:
 1316 026f 70657269 		.ascii	"periBase\000"
 1316      42617365 
 1316      00
 1317              	.LASF55:
 1318 0278 73797350 		.ascii	"sysPmSimoPresent\000"
 1318      6D53696D 
 1318      6F507265 
 1318      73656E74 
 1318      00
 1319              	.LASF16:
 1320 0289 75696E74 		.ascii	"uint16_t\000"
 1320      31365F74 
 1320      00
 1321              	.LASF110:
 1322 0292 646F7562 		.ascii	"double\000"
 1322      6C6500
 1323              	.LASF84:
 1324 0299 70657269 		.ascii	"periDiv16_5CtlOffset\000"
 1324      44697631 
 1324      365F3543 
 1324      746C4F66 
 1324      66736574 
 1325              	.LASF48:
 1326 02ae 73727373 		.ascii	"srssNumPll\000"
 1326      4E756D50 
 1326      6C6C00
 1327              	.LASF82:
 1328 02b9 70657269 		.ascii	"periDiv8CtlOffset\000"
 1328      44697638 
 1328      43746C4F 
 1328      66667365 
 1328      7400
 1329              	.LASF89:
 1330 02cb 6770696F 		.ascii	"gpioPrtCfgOutOffset\000"
 1330      50727443 
 1330      66674F75 
 1330      744F6666 
 1330      73657400 
 1331              	.LASF22:
 1332 02df 666C6173 		.ascii	"flashcBase\000"
ARM GAS  C:\Users\ailen\AppData\Local\Temp\ccYLCZ0A.s 			page 27


 1332      68634261 
 1332      736500
 1333              	.LASF9:
 1334 02ea 5F5F7569 		.ascii	"__uint32_t\000"
 1334      6E743332 
 1334      5F7400
 1335              	.LASF52:
 1336 02f5 70617373 		.ascii	"passSarChannels\000"
 1336      53617243 
 1336      68616E6E 
 1336      656C7300 
 1337              	.LASF4:
 1338 0305 5F5F696E 		.ascii	"__int16_t\000"
 1338      7431365F 
 1338      7400
 1339              	.LASF121:
 1340 030f 72784275 		.ascii	"rxBufIdx\000"
 1340      66496478 
 1340      00
 1341              	.LASF95:
 1342 0318 63707573 		.ascii	"cpussCm4PwrCtlOffset\000"
 1342      73436D34 
 1342      50777243 
 1342      746C4F66 
 1342      66736574 
 1343              	.LASF123:
 1344 032d 74784275 		.ascii	"txBufSize\000"
 1344      6653697A 
 1344      6500
 1345              	.LASF90:
 1346 0337 6770696F 		.ascii	"gpioPrtCfgSioOffset\000"
 1346      50727443 
 1346      66675369 
 1346      6F4F6666 
 1346      73657400 
 1347              	.LASF94:
 1348 034b 63707573 		.ascii	"cpussCm0StatusOffset\000"
 1348      73436D30 
 1348      53746174 
 1348      75734F66 
 1348      66736574 
 1349              	.LASF13:
 1350 0360 756E7369 		.ascii	"unsigned int\000"
 1350      676E6564 
 1350      20696E74 
 1350      00
 1351              	.LASF116:
 1352 036d 72785269 		.ascii	"rxRingBufSize\000"
 1352      6E674275 
 1352      6653697A 
 1352      6500
 1353              	.LASF75:
 1354 037b 70657269 		.ascii	"periTrCmdGrSelMsk\000"
 1354      5472436D 
 1354      64477253 
 1354      656C4D73 
 1354      6B00
ARM GAS  C:\Users\ailen\AppData\Local\Temp\ccYLCZ0A.s 			page 28


 1355              	.LASF10:
 1356 038d 6C6F6E67 		.ascii	"long unsigned int\000"
 1356      20756E73 
 1356      69676E65 
 1356      6420696E 
 1356      7400
 1357              	.LASF112:
 1358 039f 63795F63 		.ascii	"cy_cb_scb_uart_handle_events_t\000"
 1358      625F7363 
 1358      625F7561 
 1358      72745F68 
 1358      616E646C 
 1359              	.LASF40:
 1360 03be 63707573 		.ascii	"cpussIpcNr\000"
 1360      73497063 
 1360      4E7200
 1361              	.LASF42:
 1362 03c9 63707573 		.ascii	"cpussDwChNr\000"
 1362      73447743 
 1362      684E7200 
 1363              	.LASF65:
 1364 03d5 666C6173 		.ascii	"flashCtlMainWs2Freq\000"
 1364      6843746C 
 1364      4D61696E 
 1364      57733246 
 1364      72657100 
 1365              	.LASF145:
 1366 03e9 73776170 		.ascii	"swapInputMode\000"
 1366      496E7075 
 1366      744D6F64 
 1366      6500
 1367              	.LASF76:
 1368 03f7 70657269 		.ascii	"periTrGrOffset\000"
 1368      54724772 
 1368      4F666673 
 1368      657400
 1369              	.LASF103:
 1370 0406 63707573 		.ascii	"cpussRam1Ctl0\000"
 1370      7352616D 
 1370      3143746C 
 1370      3000
 1371              	.LASF151:
 1372 0414 6B696C6C 		.ascii	"killInputMode\000"
 1372      496E7075 
 1372      744D6F64 
 1372      6500
 1373              	.LASF125:
 1374 0422 63624576 		.ascii	"cbEvents\000"
 1374      656E7473 
 1374      00
 1375              	.LASF87:
 1376 042b 6770696F 		.ascii	"gpioPrtCfgOffset\000"
 1376      50727443 
 1376      66674F66 
 1376      66736574 
 1376      00
 1377              	.LASF35:
ARM GAS  C:\Users\ailen\AppData\Local\Temp\ccYLCZ0A.s 			page 29


 1378 043c 6770696F 		.ascii	"gpioVersion\000"
 1378      56657273 
 1378      696F6E00 
 1379              	.LASF107:
 1380 0448 63795F73 		.ascii	"cy_stc_device_t\000"
 1380      74635F64 
 1380      65766963 
 1380      655F7400 
 1381              	.LASF0:
 1382 0458 73686F72 		.ascii	"short int\000"
 1382      7420696E 
 1382      7400
 1383              	.LASF142:
 1384 0462 696E7665 		.ascii	"invertPWMOut\000"
 1384      72745057 
 1384      4D4F7574 
 1384      00
 1385              	.LASF133:
 1386 046f 64656164 		.ascii	"deadTimeClocks\000"
 1386      54696D65 
 1386      436C6F63 
 1386      6B7300
 1387              	.LASF25:
 1388 047e 70726F74 		.ascii	"protBase\000"
 1388      42617365 
 1388      00
 1389              	.LASF153:
 1390 0487 636F756E 		.ascii	"countInputMode\000"
 1390      74496E70 
 1390      75744D6F 
 1390      646500
 1391              	.LASF91:
 1392 0496 63707573 		.ascii	"cpussCm0ClockCtlOffset\000"
 1392      73436D30 
 1392      436C6F63 
 1392      6B43746C 
 1392      4F666673 
 1393              	.LASF30:
 1394 04ad 63727970 		.ascii	"cryptoBase\000"
 1394      746F4261 
 1394      736500
 1395              	.LASF38:
 1396 04b8 70657269 		.ascii	"periVersion\000"
 1396      56657273 
 1396      696F6E00 
 1397              	.LASF19:
 1398 04c4 73697A65 		.ascii	"sizetype\000"
 1398      74797065 
 1398      00
 1399              	.LASF68:
 1400 04cd 64774368 		.ascii	"dwChOffset\000"
 1400      4F666673 
 1400      657400
 1401              	.LASF20:
 1402 04d8 6C6F6E67 		.ascii	"long double\000"
 1402      20646F75 
 1402      626C6500 
ARM GAS  C:\Users\ailen\AppData\Local\Temp\ccYLCZ0A.s 			page 30


 1403              	.LASF81:
 1404 04e4 70657269 		.ascii	"periDivCmdPaTypeSelPos\000"
 1404      44697643 
 1404      6D645061 
 1404      54797065 
 1404      53656C50 
 1405              	.LASF53:
 1406 04fb 65704D6F 		.ascii	"epMonitorNr\000"
 1406      6E69746F 
 1406      724E7200 
 1407              	.LASF39:
 1408 0507 70726F74 		.ascii	"protVersion\000"
 1408      56657273 
 1408      696F6E00 
 1409              	.LASF72:
 1410 0513 64775374 		.ascii	"dwStatusChIdxPos\000"
 1410      61747573 
 1410      43684964 
 1410      78506F73 
 1410      00
 1411              	.LASF54:
 1412 0524 75646250 		.ascii	"udbPresent\000"
 1412      72657365 
 1412      6E7400
 1413              	.LASF114:
 1414 052f 72785374 		.ascii	"rxStatus\000"
 1414      61747573 
 1414      00
 1415              	.LASF34:
 1416 0538 666C6173 		.ascii	"flashcVersion\000"
 1416      68635665 
 1416      7273696F 
 1416      6E00
 1417              	.LASF51:
 1418 0546 736D6966 		.ascii	"smifDeviceNr\000"
 1418      44657669 
 1418      63654E72 
 1418      00
 1419              	.LASF130:
 1420 0553 70776D4D 		.ascii	"pwmMode\000"
 1420      6F646500 
 1421              	.LASF164:
 1422 055b 433A5C55 		.ascii	"C:\\Users\\ailen\\OneDrive\\Documents\\PSoC Creator"
 1422      73657273 
 1422      5C61696C 
 1422      656E5C4F 
 1422      6E654472 
 1423 0589 5C576F72 		.ascii	"\\Workspace01\\CapSenseDesign_freeRTOS.cydsn\000"
 1423      6B737061 
 1423      63653031 
 1423      5C436170 
 1423      53656E73 
 1424              	.LASF73:
 1425 05b4 64775374 		.ascii	"dwStatusChIdxMsk\000"
 1425      61747573 
 1425      43684964 
 1425      784D736B 
ARM GAS  C:\Users\ailen\AppData\Local\Temp\ccYLCZ0A.s 			page 31


 1425      00
 1426              	.LASF158:
 1427 05c5 63795F64 		.ascii	"cy_device\000"
 1427      65766963 
 1427      6500
 1428              	.LASF101:
 1429 05cf 63707573 		.ascii	"cpussRomCtl\000"
 1429      73526F6D 
 1429      43746C00 
 1430              	.LASF71:
 1431 05db 64774368 		.ascii	"dwChCtlPreemptablePos\000"
 1431      43746C50 
 1431      7265656D 
 1431      70746162 
 1431      6C65506F 
 1432              	.LASF160:
 1433 05f1 50574D5F 		.ascii	"PWM_Red_config\000"
 1433      5265645F 
 1433      636F6E66 
 1433      696700
 1434              	.LASF24:
 1435 0600 75646242 		.ascii	"udbBase\000"
 1435      61736500 
 1436              	.LASF149:
 1437 0608 73746172 		.ascii	"startInputMode\000"
 1437      74496E70 
 1437      75744D6F 
 1437      646500
 1438              	.LASF17:
 1439 0617 696E7433 		.ascii	"int32_t\000"
 1439      325F7400 
 1440              	.LASF2:
 1441 061f 756E7369 		.ascii	"unsigned char\000"
 1441      676E6564 
 1441      20636861 
 1441      7200
 1442              	.LASF67:
 1443 062d 666C6173 		.ascii	"flashCtlMainWs4Freq\000"
 1443      6843746C 
 1443      4D61696E 
 1443      57733446 
 1443      72657100 
 1444              	.LASF157:
 1445 0641 49544D5F 		.ascii	"ITM_RxBuffer\000"
 1445      52784275 
 1445      66666572 
 1445      00
 1446              	.LASF85:
 1447 064e 70657269 		.ascii	"periDiv24_5CtlOffset\000"
 1447      44697632 
 1447      345F3543 
 1447      746C4F66 
 1447      66736574 
 1448              	.LASF140:
 1449 0663 656E6162 		.ascii	"enableCompareSwap\000"
 1449      6C65436F 
 1449      6D706172 
ARM GAS  C:\Users\ailen\AppData\Local\Temp\ccYLCZ0A.s 			page 32


 1449      65537761 
 1449      7000
 1450              	.LASF102:
 1451 0675 63707573 		.ascii	"cpussRam0Ctl0\000"
 1451      7352616D 
 1451      3043746C 
 1451      3000
 1452              	.LASF132:
 1453 0683 70776D41 		.ascii	"pwmAlignment\000"
 1453      6C69676E 
 1453      6D656E74 
 1453      00
 1454              	.LASF78:
 1455 0690 70657269 		.ascii	"periDivCmdDivSelMsk\000"
 1455      44697643 
 1455      6D644469 
 1455      7653656C 
 1455      4D736B00 
 1456              	.LASF137:
 1457 06a4 656E6162 		.ascii	"enablePeriodSwap\000"
 1457      6C655065 
 1457      72696F64 
 1457      53776170 
 1457      00
 1458              	.LASF146:
 1459 06b5 73776170 		.ascii	"swapInput\000"
 1459      496E7075 
 1459      7400
 1460              	.LASF49:
 1461 06bf 73727373 		.ascii	"srssNumHfroot\000"
 1461      4E756D48 
 1461      66726F6F 
 1461      7400
 1462              	.LASF62:
 1463 06cd 666C6173 		.ascii	"flashEraseDelay\000"
 1463      68457261 
 1463      73654465 
 1463      6C617900 
 1464              	.LASF45:
 1465 06dd 63707573 		.ascii	"cpussFmIrq\000"
 1465      73466D49 
 1465      727100
 1466              	.LASF77:
 1467 06e8 70657269 		.ascii	"periTrGrSize\000"
 1467      54724772 
 1467      53697A65 
 1467      00
 1468              	.LASF100:
 1469 06f5 63707573 		.ascii	"cpussCm4NmiCtlOffset\000"
 1469      73436D34 
 1469      4E6D6943 
 1469      746C4F66 
 1469      66736574 
 1470              	.LASF138:
 1471 070a 636F6D70 		.ascii	"compare0\000"
 1471      61726530 
 1471      00
ARM GAS  C:\Users\ailen\AppData\Local\Temp\ccYLCZ0A.s 			page 33


 1472              	.LASF139:
 1473 0713 636F6D70 		.ascii	"compare1\000"
 1473      61726531 
 1473      00
 1474              	.LASF154:
 1475 071c 636F756E 		.ascii	"countInput\000"
 1475      74496E70 
 1475      757400
 1476              	.LASF108:
 1477 0727 63686172 		.ascii	"char\000"
 1477      00
 1478              	.LASF64:
 1479 072c 666C6173 		.ascii	"flashCtlMainWs1Freq\000"
 1479      6843746C 
 1479      4D61696E 
 1479      57733146 
 1479      72657100 
 1480              	.LASF5:
 1481 0740 5F5F7569 		.ascii	"__uint16_t\000"
 1481      6E743136 
 1481      5F7400
 1482              	.LASF162:
 1483 074b 474E5520 		.ascii	"GNU C11 5.4.1 20160609 (release) [ARM/embedded-5-br"
 1483      43313120 
 1483      352E342E 
 1483      31203230 
 1483      31363036 
 1484 077e 616E6368 		.ascii	"anch revision 237715] -mcpu=cortex-m4 -mfloat-abi=s"
 1484      20726576 
 1484      6973696F 
 1484      6E203233 
 1484      37373135 
 1485 07b1 6F667466 		.ascii	"oftfp -mfpu=fpv4-sp-d16 -mthumb -g -Og -ffunction-s"
 1485      70202D6D 
 1485      6670753D 
 1485      66707634 
 1485      2D73702D 
 1486 07e4 65637469 		.ascii	"ections -ffat-lto-objects -ffloat-store\000"
 1486      6F6E7320 
 1486      2D666661 
 1486      742D6C74 
 1486      6F2D6F62 
 1487              	.LASF83:
 1488 080c 70657269 		.ascii	"periDiv16CtlOffset\000"
 1488      44697631 
 1488      3643746C 
 1488      4F666673 
 1488      657400
 1489              	.LASF7:
 1490 081f 5F5F696E 		.ascii	"__int32_t\000"
 1490      7433325F 
 1490      7400
 1491              	.LASF36:
 1492 0829 6873696F 		.ascii	"hsiomVersion\000"
 1492      6D566572 
 1492      73696F6E 
 1492      00
ARM GAS  C:\Users\ailen\AppData\Local\Temp\ccYLCZ0A.s 			page 34


 1493              	.LASF61:
 1494 0836 666C6173 		.ascii	"flashProgramDelay\000"
 1494      6850726F 
 1494      6772616D 
 1494      44656C61 
 1494      7900
 1495              	.LASF117:
 1496 0848 72785269 		.ascii	"rxRingBufHead\000"
 1496      6E674275 
 1496      66486561 
 1496      6400
 1497              	.LASF141:
 1498 0856 696E7465 		.ascii	"interruptSources\000"
 1498      72727570 
 1498      74536F75 
 1498      72636573 
 1498      00
 1499              	.LASF148:
 1500 0867 72656C6F 		.ascii	"reloadInput\000"
 1500      6164496E 
 1500      70757400 
 1501              	.LASF6:
 1502 0873 73686F72 		.ascii	"short unsigned int\000"
 1502      7420756E 
 1502      7369676E 
 1502      65642069 
 1502      6E7400
 1503              	.LASF69:
 1504 0886 64774368 		.ascii	"dwChSize\000"
 1504      53697A65 
 1504      00
 1505              	.LASF105:
 1506 088f 69706353 		.ascii	"ipcStructSize\000"
 1506      74727563 
 1506      7453697A 
 1506      6500
 1507              	.LASF44:
 1508 089d 63707573 		.ascii	"cpussIpc0Irq\000"
 1508      73497063 
 1508      30497271 
 1508      00
 1509              	.LASF135:
 1510 08aa 70657269 		.ascii	"period0\000"
 1510      6F643000 
 1511              	.LASF136:
 1512 08b2 70657269 		.ascii	"period1\000"
 1512      6F643100 
 1513              	.LASF27:
 1514 08ba 6770696F 		.ascii	"gpioBase\000"
 1514      42617365 
 1514      00
 1515              	.LASF126:
 1516 08c3 696E6974 		.ascii	"initKey\000"
 1516      4B657900 
 1517              	.LASF119:
 1518 08cb 72784275 		.ascii	"rxBuf\000"
 1518      6600
ARM GAS  C:\Users\ailen\AppData\Local\Temp\ccYLCZ0A.s 			page 35


 1519              	.LASF18:
 1520 08d1 75696E74 		.ascii	"uint32_t\000"
 1520      33325F74 
 1520      00
 1521              	.LASF127:
 1522 08da 63795F73 		.ascii	"cy_stc_scb_uart_context_t\000"
 1522      74635F73 
 1522      63625F75 
 1522      6172745F 
 1522      636F6E74 
 1523              	.LASF46:
 1524 08f4 63707573 		.ascii	"cpussNotConnectedIrq\000"
 1524      734E6F74 
 1524      436F6E6E 
 1524      65637465 
 1524      64497271 
 1525              	.LASF143:
 1526 0909 696E7665 		.ascii	"invertPWMOutN\000"
 1526      72745057 
 1526      4D4F7574 
 1526      4E00
 1527              	.LASF60:
 1528 0917 666C6173 		.ascii	"flashWriteDelay\000"
 1528      68577269 
 1528      74654465 
 1528      6C617900 
 1529              	.LASF14:
 1530 0927 75696E74 		.ascii	"uint8_t\000"
 1530      385F7400 
 1531              	.LASF161:
 1532 092f 64656275 		.ascii	"debugMessageQ\000"
 1532      674D6573 
 1532      73616765 
 1532      5100
 1533              	.LASF144:
 1534 093d 6B696C6C 		.ascii	"killMode\000"
 1534      4D6F6465 
 1534      00
 1535              	.LASF93:
 1536 0946 63707573 		.ascii	"cpussCm4StatusOffset\000"
 1536      73436D34 
 1536      53746174 
 1536      75734F66 
 1536      66736574 
 1537              	.LASF86:
 1538 095b 6770696F 		.ascii	"gpioPrtIntrCfgOffset\000"
 1538      50727449 
 1538      6E747243 
 1538      66674F66 
 1538      66736574 
 1539              	.LASF155:
 1540 0970 63795F73 		.ascii	"cy_stc_tcpwm_pwm_config_t\000"
 1540      74635F74 
 1540      6370776D 
 1540      5F70776D 
 1540      5F636F6E 
 1541              	.LASF147:
ARM GAS  C:\Users\ailen\AppData\Local\Temp\ccYLCZ0A.s 			page 36


 1542 098a 72656C6F 		.ascii	"reloadInputMode\000"
 1542      6164496E 
 1542      7075744D 
 1542      6F646500 
 1543              	.LASF118:
 1544 099a 72785269 		.ascii	"rxRingBufTail\000"
 1544      6E674275 
 1544      66546169 
 1544      6C00
 1545              	.LASF97:
 1546 09a8 63707573 		.ascii	"cpussTrimRomCtlOffset\000"
 1546      73547269 
 1546      6D526F6D 
 1546      43746C4F 
 1546      66667365 
 1547              	.LASF113:
 1548 09be 74785374 		.ascii	"txStatus\000"
 1548      61747573 
 1548      00
 1549              	.LASF33:
 1550 09c7 64775665 		.ascii	"dwVersion\000"
 1550      7273696F 
 1550      6E00
 1551              	.LASF29:
 1552 09d1 69706342 		.ascii	"ipcBase\000"
 1552      61736500 
 1553              	.LASF80:
 1554 09d9 70657269 		.ascii	"periDivCmdPaDivSelPos\000"
 1554      44697643 
 1554      6D645061 
 1554      44697653 
 1554      656C506F 
 1555              	.LASF128:
 1556 09ef 63795F73 		.ascii	"cy_stc_scb_uart_context\000"
 1556      74635F73 
 1556      63625F75 
 1556      6172745F 
 1556      636F6E74 
 1557              	.LASF111:
 1558 0a07 5F426F6F 		.ascii	"_Bool\000"
 1558      6C00
 1559              	.LASF31:
 1560 0a0d 63707573 		.ascii	"cpussVersion\000"
 1560      73566572 
 1560      73696F6E 
 1560      00
 1561              	.LASF58:
 1562 0a1a 666C6173 		.ascii	"flashRwwRequired\000"
 1562      68527777 
 1562      52657175 
 1562      69726564 
 1562      00
 1563              	.LASF150:
 1564 0a2b 73746172 		.ascii	"startInput\000"
 1564      74496E70 
 1564      757400
 1565              		.ident	"GCC: (GNU Tools for ARM Embedded Processors) 5.4.1 20160609 (release) [ARM/embedded-5-bran
ARM GAS  C:\Users\ailen\AppData\Local\Temp\ccYLCZ0A.s 			page 37


